\BOOKMARK [0][-]{chapter*.3}{Introduction}{}% 1
\BOOKMARK [0][-]{chapter.1}{Theoretical Motivation}{}% 2
\BOOKMARK [0][-]{chapter.2}{The LHC and the CMS Detector}{}% 3
\BOOKMARK [1][-]{section.2.1}{The Large Hadron Collider}{chapter.2}% 4
\BOOKMARK [2][-]{subsection.2.1.1}{Pre-LHC accelerator complex}{section.2.1}% 5
\BOOKMARK [2][-]{subsection.2.1.2}{Design of the LHC}{section.2.1}% 6
\BOOKMARK [2][-]{subsection.2.1.3}{Physics goals}{section.2.1}% 7
\BOOKMARK [2][-]{subsection.2.1.4}{Luminosity at the LHC}{section.2.1}% 8
\BOOKMARK [2][-]{subsection.2.1.5}{Performance throughout run I}{section.2.1}% 9
\BOOKMARK [1][-]{section.2.2}{The CMS Detector}{chapter.2}% 10
\BOOKMARK [1][-]{section.2.3}{Inner Tracking System}{chapter.2}% 11
\BOOKMARK [2][-]{subsection.2.3.1}{Tracker performance in Run I}{section.2.3}% 12
\BOOKMARK [1][-]{section.2.4}{Electromagnetic Calorimeter}{chapter.2}% 13
\BOOKMARK [2][-]{subsection.2.4.1}{Overview}{section.2.4}% 14
\BOOKMARK [2][-]{subsection.2.4.2}{Composition of the ECAL}{section.2.4}% 15
\BOOKMARK [2][-]{subsection.2.4.3}{Photodetectors}{section.2.4}% 16
\BOOKMARK [2][-]{subsection.2.4.4}{Performance of the ECAL throughout Run I}{section.2.4}% 17
\BOOKMARK [1][-]{section.2.5}{Hadron Calorimeter}{chapter.2}% 18
\BOOKMARK [2][-]{subsection.2.5.1}{Overview}{section.2.5}% 19
\BOOKMARK [2][-]{subsection.2.5.2}{Performance of the HCAL in Run I}{section.2.5}% 20
\BOOKMARK [1][-]{section.2.6}{Superconducting Solenoid}{chapter.2}% 21
\BOOKMARK [1][-]{section.2.7}{Muon System}{chapter.2}% 22
\BOOKMARK [2][-]{subsection.2.7.1}{Performance of the muon system in Run I}{section.2.7}% 23
\BOOKMARK [1][-]{section.2.8}{Trigger and Data Acquisition}{chapter.2}% 24
\BOOKMARK [0][-]{chapter.3}{Event Reconstruction \046 Simulation}{}% 25
\BOOKMARK [1][-]{section.3.1}{Particle Reconstruction}{chapter.3}% 26
\BOOKMARK [2][-]{subsection.3.1.1}{Electron identification}{section.3.1}% 27
\BOOKMARK [2][-]{subsection.3.1.2}{Muon reconstruction}{section.3.1}% 28
\BOOKMARK [2][-]{subsection.3.1.3}{Jet reconstruction}{section.3.1}% 29
\BOOKMARK [1][-]{section.3.2}{Computing}{chapter.3}% 30
\BOOKMARK [2][-]{subsection.3.2.1}{Event Data Model}{section.3.2}% 31
\BOOKMARK [2][-]{subsection.3.2.2}{Analysis Software}{section.3.2}% 32
\BOOKMARK [1][-]{section.3.3}{Monte Carlo Simulation}{chapter.3}% 33
\BOOKMARK [2][-]{subsection.3.3.1}{Monte Carlo event generators}{section.3.3}% 34
\BOOKMARK [0][-]{chapter.4}{Measurement of the inclusive t+ cross-section}{}% 35
\BOOKMARK [1][-]{section.4.1}{Signal Definition and Background Processes}{chapter.4}% 36
\BOOKMARK [2][-]{subsection.4.1.1}{Signal definition}{section.4.1}% 37
\BOOKMARK [2][-]{subsection.4.1.2}{Background processes}{section.4.1}% 38
\BOOKMARK [1][-]{section.4.2}{t+ Signal Simulation}{chapter.4}% 39
\BOOKMARK [1][-]{section.4.3}{Phase Space Overlap Removal}{chapter.4}% 40
\BOOKMARK [1][-]{section.4.4}{Event Selection}{chapter.4}% 41
\BOOKMARK [0][-]{chapter.5}{Measurement of the anomalous couplings of the photon to the top quark}{}% 42
\BOOKMARK [0][-]{chapter.6}{Electron Conversion Veto}{}% 43
\BOOKMARK [0][-]{chapter*.7}{Conclusions}{}% 44
\BOOKMARK [0][-]{section*.8}{Appendices}{}% 45
\BOOKMARK [0][-]{appendix*.9}{Bibliography}{}% 46
