This is pdfTeX, Version 3.1415926-2.5-1.40.14 (TeX Live 2013/Debian) (format=pdflatex 2015.6.22)  19 NOV 2015 16:28
entering extended mode
 restricted \write18 enabled.
 %&-line parsing enabled.
**PhDThesis.tex
(./PhDThesis.tex
LaTeX2e <2011/06/27>
Babel <3.9h> and hyphenation patterns for 78 languages loaded.
(/usr/share/texlive/texmf-dist/tex/latex/base/report.cls
Document Class: report 2007/10/19 v1.4h Standard LaTeX document class
(/usr/share/texlive/texmf-dist/tex/latex/base/size11.clo
File: size11.clo 2007/10/19 v1.4h Standard LaTeX file (size option)
)
\c@part=\count79
\c@chapter=\count80
\c@section=\count81
\c@subsection=\count82
\c@subsubsection=\count83
\c@paragraph=\count84
\c@subparagraph=\count85
\c@figure=\count86
\c@table=\count87
\abovecaptionskip=\skip41
\belowcaptionskip=\skip42
\bibindent=\dimen102
)
(/usr/share/texlive/texmf-dist/tex/latex/graphics/graphicx.sty
Package: graphicx 1999/02/16 v1.0f Enhanced LaTeX Graphics (DPC,SPQR)

(/usr/share/texlive/texmf-dist/tex/latex/graphics/keyval.sty
Package: keyval 1999/03/16 v1.13 key=value parser (DPC)
\KV@toks@=\toks14
)
(/usr/share/texlive/texmf-dist/tex/latex/graphics/graphics.sty
Package: graphics 2009/02/05 v1.0o Standard LaTeX Graphics (DPC,SPQR)

(/usr/share/texlive/texmf-dist/tex/latex/graphics/trig.sty
Package: trig 1999/03/16 v1.09 sin cos tan (DPC)
)
(/usr/share/texlive/texmf-dist/tex/latex/latexconfig/graphics.cfg
File: graphics.cfg 2010/04/23 v1.9 graphics configuration of TeX Live
)
Package graphics Info: Driver file: pdftex.def on input line 91.

(/usr/share/texlive/texmf-dist/tex/latex/pdftex-def/pdftex.def
File: pdftex.def 2011/05/27 v0.06d Graphics/color for pdfTeX

(/usr/share/texlive/texmf-dist/tex/generic/oberdiek/infwarerr.sty
Package: infwarerr 2010/04/08 v1.3 Providing info/warning/error messages (HO)
)
(/usr/share/texlive/texmf-dist/tex/generic/oberdiek/ltxcmds.sty
Package: ltxcmds 2011/11/09 v1.22 LaTeX kernel commands for general use (HO)
)
\Gread@gobject=\count88
))
\Gin@req@height=\dimen103
\Gin@req@width=\dimen104
)
(/usr/share/texlive/texmf-dist/tex/latex/amsfonts/amssymb.sty
Package: amssymb 2013/01/14 v3.01 AMS font symbols

(/usr/share/texlive/texmf-dist/tex/latex/amsfonts/amsfonts.sty
Package: amsfonts 2013/01/14 v3.01 Basic AMSFonts support
\@emptytoks=\toks15
\symAMSa=\mathgroup4
\symAMSb=\mathgroup5
LaTeX Font Info:    Overwriting math alphabet `\mathfrak' in version `bold'
(Font)                  U/euf/m/n --> U/euf/b/n on input line 106.
))
(/usr/share/texlive/texmf-dist/tex/latex/amsmath/amsmath.sty
Package: amsmath 2013/01/14 v2.14 AMS math features
\@mathmargin=\skip43

For additional information on amsmath, use the `?' option.
(/usr/share/texlive/texmf-dist/tex/latex/amsmath/amstext.sty
Package: amstext 2000/06/29 v2.01

(/usr/share/texlive/texmf-dist/tex/latex/amsmath/amsgen.sty
File: amsgen.sty 1999/11/30 v2.0
\@emptytoks=\toks16
\ex@=\dimen105
))
(/usr/share/texlive/texmf-dist/tex/latex/amsmath/amsbsy.sty
Package: amsbsy 1999/11/29 v1.2d
\pmbraise@=\dimen106
)
(/usr/share/texlive/texmf-dist/tex/latex/amsmath/amsopn.sty
Package: amsopn 1999/12/14 v2.01 operator names
)
\inf@bad=\count89
LaTeX Info: Redefining \frac on input line 210.
\uproot@=\count90
\leftroot@=\count91
LaTeX Info: Redefining \overline on input line 306.
\classnum@=\count92
\DOTSCASE@=\count93
LaTeX Info: Redefining \ldots on input line 378.
LaTeX Info: Redefining \dots on input line 381.
LaTeX Info: Redefining \cdots on input line 466.
\Mathstrutbox@=\box26
\strutbox@=\box27
\big@size=\dimen107
LaTeX Font Info:    Redeclaring font encoding OML on input line 566.
LaTeX Font Info:    Redeclaring font encoding OMS on input line 567.
\macc@depth=\count94
\c@MaxMatrixCols=\count95
\dotsspace@=\muskip10
\c@parentequation=\count96
\dspbrk@lvl=\count97
\tag@help=\toks17
\row@=\count98
\column@=\count99
\maxfields@=\count100
\andhelp@=\toks18
\eqnshift@=\dimen108
\alignsep@=\dimen109
\tagshift@=\dimen110
\tagwidth@=\dimen111
\totwidth@=\dimen112
\lineht@=\dimen113
\@envbody=\toks19
\multlinegap=\skip44
\multlinetaggap=\skip45
\mathdisplay@stack=\toks20
LaTeX Info: Redefining \[ on input line 2665.
LaTeX Info: Redefining \] on input line 2666.
)
(/usr/share/texlive/texmf-dist/tex/latex/braket/braket.sty)
(/usr/share/texlive/texmf-dist/tex/latex/jknapltx/mathrsfs.sty
Package: mathrsfs 1996/01/01 Math RSFS package v1.0 (jk)
\symrsfs=\mathgroup6
)
(/usr/share/texlive/texmf-dist/tex/latex/appendix/appendix.sty
Package: appendix 2009/09/02 v1.2b extra appendix facilities
\c@@pps=\count101
\c@@ppsavesec=\count102
\c@@ppsaveapp=\count103
)
(/usr/share/texlive/texmf-dist/tex/latex/geometry/geometry.sty
Package: geometry 2010/09/12 v5.6 Page Geometry

(/usr/share/texlive/texmf-dist/tex/generic/oberdiek/ifpdf.sty
Package: ifpdf 2011/01/30 v2.3 Provides the ifpdf switch (HO)
Package ifpdf Info: pdfTeX in PDF mode is detected.
)
(/usr/share/texlive/texmf-dist/tex/generic/oberdiek/ifvtex.sty
Package: ifvtex 2010/03/01 v1.5 Detect VTeX and its facilities (HO)
Package ifvtex Info: VTeX not detected.
)
(/usr/share/texlive/texmf-dist/tex/generic/ifxetex/ifxetex.sty
Package: ifxetex 2010/09/12 v0.6 Provides ifxetex conditional
)
\Gm@cnth=\count104
\Gm@cntv=\count105
\c@Gm@tempcnt=\count106
\Gm@bindingoffset=\dimen114
\Gm@wd@mp=\dimen115
\Gm@odd@mp=\dimen116
\Gm@even@mp=\dimen117
\Gm@layoutwidth=\dimen118
\Gm@layoutheight=\dimen119
\Gm@layouthoffset=\dimen120
\Gm@layoutvoffset=\dimen121
\Gm@dimlist=\toks21
)
(/usr/share/texlive/texmf-dist/tex/latex/lineno/lineno.sty
Package: lineno 2005/11/02 line numbers on paragraphs v4.41
\linenopenalty=\count107
\output=\toks22
\linenoprevgraf=\count108
\linenumbersep=\dimen122
\linenumberwidth=\dimen123
\c@linenumber=\count109
\c@pagewiselinenumber=\count110
\c@LN@truepage=\count111
\c@internallinenumber=\count112
\c@internallinenumbers=\count113
\quotelinenumbersep=\dimen124
\bframerule=\dimen125
\bframesep=\dimen126
\bframebox=\box28
LaTeX Info: Redefining \\ on input line 3056.
)
(/usr/share/texlive/texmf-dist/tex/latex/bbold/bbold.sty
Package: bbold 1994/04/06 Bbold symbol package
LaTeX Font Info:    Redeclaring math alphabet \mathbb on input line 42.
)
(/usr/share/texlive/texmf-dist/tex/latex/oberdiek/epstopdf.sty
Package: epstopdf 2010/02/09 v2.5 Conversion with epstopdf on the fly (HO)

(/usr/share/texlive/texmf-dist/tex/latex/oberdiek/epstopdf-base.sty
Package: epstopdf-base 2010/02/09 v2.5 Base part for package epstopdf

(/usr/share/texlive/texmf-dist/tex/latex/oberdiek/grfext.sty
Package: grfext 2010/08/19 v1.1 Manage graphics extensions (HO)

(/usr/share/texlive/texmf-dist/tex/generic/oberdiek/kvdefinekeys.sty
Package: kvdefinekeys 2011/04/07 v1.3 Define keys (HO)
))
(/usr/share/texlive/texmf-dist/tex/latex/oberdiek/kvoptions.sty
Package: kvoptions 2011/06/30 v3.11 Key value format for package options (HO)

(/usr/share/texlive/texmf-dist/tex/generic/oberdiek/kvsetkeys.sty
Package: kvsetkeys 2012/04/25 v1.16 Key value parser (HO)

(/usr/share/texlive/texmf-dist/tex/generic/oberdiek/etexcmds.sty
Package: etexcmds 2011/02/16 v1.5 Avoid name clashes with e-TeX commands (HO)

(/usr/share/texlive/texmf-dist/tex/generic/oberdiek/ifluatex.sty
Package: ifluatex 2010/03/01 v1.3 Provides the ifluatex switch (HO)
Package ifluatex Info: LuaTeX not detected.
)
Package etexcmds Info: Could not find \expanded.
(etexcmds)             That can mean that you are not using pdfTeX 1.50 or
(etexcmds)             that some package has redefined \expanded.
(etexcmds)             In the latter case, load this package earlier.
)))
(/usr/share/texlive/texmf-dist/tex/generic/oberdiek/pdftexcmds.sty
Package: pdftexcmds 2011/11/29 v0.20 Utility functions of pdfTeX for LuaTeX (HO
)
Package pdftexcmds Info: LuaTeX not detected.
Package pdftexcmds Info: \pdf@primitive is available.
Package pdftexcmds Info: \pdf@ifprimitive is available.
Package pdftexcmds Info: \pdfdraftmode found.
)
Package grfext Info: Graphics extension search list:
(grfext)             [.png,.pdf,.jpg,.mps,.jpeg,.jbig2,.jb2,.PNG,.PDF,.JPG,.JPE
G,.JBIG2,.JB2,.eps]
(grfext)             \AppendGraphicsExtensions on input line 452.

(/usr/share/texlive/texmf-dist/tex/latex/latexconfig/epstopdf-sys.cfg
File: epstopdf-sys.cfg 2010/07/13 v1.3 Configuration of (r)epstopdf for TeX Liv
e
)))
(/usr/share/texlive/texmf-dist/tex/latex/fancyhdr/fancyhdr.sty
\fancy@headwidth=\skip46
\f@ncyO@elh=\skip47
\f@ncyO@erh=\skip48
\f@ncyO@olh=\skip49
\f@ncyO@orh=\skip50
\f@ncyO@elf=\skip51
\f@ncyO@erf=\skip52
\f@ncyO@olf=\skip53
\f@ncyO@orf=\skip54
)
(/usr/share/texlive/texmf-dist/tex/latex/mh/mathtools.sty
Package: mathtools 2013/02/12 v1.13 mathematical typesetting tools

(/usr/share/texlive/texmf-dist/tex/latex/tools/calc.sty
Package: calc 2007/08/22 v4.3 Infix arithmetic (KKT,FJ)
\calc@Acount=\count114
\calc@Bcount=\count115
\calc@Adimen=\dimen127
\calc@Bdimen=\dimen128
\calc@Askip=\skip55
\calc@Bskip=\skip56
LaTeX Info: Redefining \setlength on input line 76.
LaTeX Info: Redefining \addtolength on input line 77.
\calc@Ccount=\count116
\calc@Cskip=\skip57
)
(/usr/share/texlive/texmf-dist/tex/latex/mh/mhsetup.sty
Package: mhsetup 2010/01/21 v1.2a programming setup (MH)
)
LaTeX Info: Thecontrolsequence`\['isalreadyrobust on input line 129.
LaTeX Info: Thecontrolsequence`\]'isalreadyrobust on input line 129.
\g_MT_multlinerow_int=\count117
\l_MT_multwidth_dim=\dimen129
\origjot=\skip58
\l_MT_shortvdotswithinadjustabove_dim=\dimen130
\l_MT_shortvdotswithinadjustbelow_dim=\dimen131
\l_MT_above_intertext_sep=\dimen132
\l_MT_below_intertext_sep=\dimen133
\l_MT_above_shortintertext_sep=\dimen134
\l_MT_below_shortintertext_sep=\dimen135
)
(/usr/share/texlive/texmf-dist/tex/latex/rotating/rotating.sty
Package: rotating 2009/03/28 v2.16a rotated objects in LaTeX

(/usr/share/texlive/texmf-dist/tex/latex/base/ifthen.sty
Package: ifthen 2001/05/26 v1.1c Standard LaTeX ifthen package (DPC)
)
\c@r@tfl@t=\count118
\rotFPtop=\skip59
\rotFPbot=\skip60
\rot@float@box=\box29
\rot@mess@toks=\toks23
)
(/usr/share/texlive/texmf-dist/tex/latex/tools/afterpage.sty
Package: afterpage 1995/10/27 v1.08 After-Page Package (DPC)
\AP@output=\toks24
\AP@partial=\box30
\AP@footins=\box31
)
(/usr/share/texlive/texmf-dist/tex/latex/graphics/lscape.sty
Package: lscape 2000/10/22 v3.01 Landscape Pages (DPC)
)
(/usr/share/texlive/texmf-dist/tex/latex/draftwatermark/draftwatermark.sty
Package: draftwatermark 2006/06/30 1.0 Put a gray textual watermark on document
 pages

(/usr/share/texlive/texmf-dist/tex/latex/everypage/everypage.sty
Package: everypage 2007/06/20 1.1 Hooks to run on every page
)
(/usr/share/texlive/texmf-dist/tex/latex/graphics/color.sty
Package: color 2005/11/14 v1.0j Standard LaTeX Color (DPC)

(/usr/share/texlive/texmf-dist/tex/latex/latexconfig/color.cfg
File: color.cfg 2007/01/18 v1.5 color configuration of teTeX/TeXLive
)
Package color Info: Driver file: pdftex.def on input line 130.
)
\sc@wm@fontsize=\skip61
)
(/usr/share/texlive/texmf-dist/tex/latex/hyperref/hyperref.sty
Package: hyperref 2012/11/06 v6.83m Hypertext links for LaTeX

(/usr/share/texlive/texmf-dist/tex/generic/oberdiek/hobsub-hyperref.sty
Package: hobsub-hyperref 2012/05/28 v1.13 Bundle oberdiek, subset hyperref (HO)


(/usr/share/texlive/texmf-dist/tex/generic/oberdiek/hobsub-generic.sty
Package: hobsub-generic 2012/05/28 v1.13 Bundle oberdiek, subset generic (HO)
Package: hobsub 2012/05/28 v1.13 Construct package bundles (HO)
Package hobsub Info: Skipping package `infwarerr' (already loaded).
Package hobsub Info: Skipping package `ltxcmds' (already loaded).
Package hobsub Info: Skipping package `ifluatex' (already loaded).
Package hobsub Info: Skipping package `ifvtex' (already loaded).
Package: intcalc 2007/09/27 v1.1 Expandable calculations with integers (HO)
Package hobsub Info: Skipping package `ifpdf' (already loaded).
Package hobsub Info: Skipping package `etexcmds' (already loaded).
Package hobsub Info: Skipping package `kvsetkeys' (already loaded).
Package hobsub Info: Skipping package `kvdefinekeys' (already loaded).
Package hobsub Info: Skipping package `pdftexcmds' (already loaded).
Package: pdfescape 2011/11/25 v1.13 Implements pdfTeX's escape features (HO)
Package: bigintcalc 2012/04/08 v1.3 Expandable calculations on big integers (HO
)
Package: bitset 2011/01/30 v1.1 Handle bit-vector datatype (HO)
Package: uniquecounter 2011/01/30 v1.2 Provide unlimited unique counter (HO)
)
Package hobsub Info: Skipping package `hobsub' (already loaded).
Package: letltxmacro 2010/09/02 v1.4 Let assignment for LaTeX macros (HO)
Package: hopatch 2012/05/28 v1.2 Wrapper for package hooks (HO)
Package: xcolor-patch 2011/01/30 xcolor patch
Package: atveryend 2011/06/30 v1.8 Hooks at the very end of document (HO)
Package atveryend Info: \AP@enddocument detected (standard20110627).
Package: atbegshi 2011/10/05 v1.16 At begin shipout hook (HO)
Package: refcount 2011/10/16 v3.4 Data extraction from label references (HO)
Package: hycolor 2011/01/30 v1.7 Color options for hyperref/bookmark (HO)
)
(/usr/share/texlive/texmf-dist/tex/latex/oberdiek/auxhook.sty
Package: auxhook 2011/03/04 v1.3 Hooks for auxiliary files (HO)
)
\@linkdim=\dimen136
\Hy@linkcounter=\count119
\Hy@pagecounter=\count120

(/usr/share/texlive/texmf-dist/tex/latex/hyperref/pd1enc.def
File: pd1enc.def 2012/11/06 v6.83m Hyperref: PDFDocEncoding definition (HO)
)
\Hy@SavedSpaceFactor=\count121

(/usr/share/texlive/texmf-dist/tex/latex/latexconfig/hyperref.cfg
File: hyperref.cfg 2002/06/06 v1.2 hyperref configuration of TeXLive
)
Package hyperref Info: Hyper figures OFF on input line 4443.
Package hyperref Info: Link nesting OFF on input line 4448.
Package hyperref Info: Hyper index ON on input line 4451.
Package hyperref Info: Plain pages OFF on input line 4458.
Package hyperref Info: Backreferencing OFF on input line 4463.
Package hyperref Info: Implicit mode ON; LaTeX internals redefined.
Package hyperref Info: Bookmarks ON on input line 4688.
\c@Hy@tempcnt=\count122

(/usr/share/texlive/texmf-dist/tex/latex/url/url.sty
\Urlmuskip=\muskip11
Package: url 2013/09/16  ver 3.4  Verb mode for urls, etc.
)
LaTeX Info: Redefining \url on input line 5041.
\XeTeXLinkMargin=\dimen137
\Fld@menulength=\count123
\Field@Width=\dimen138
\Fld@charsize=\dimen139
Package hyperref Info: Hyper figures OFF on input line 6295.
Package hyperref Info: Link nesting OFF on input line 6300.
Package hyperref Info: Hyper index ON on input line 6303.
Package hyperref Info: backreferencing OFF on input line 6310.
Package hyperref Info: Link coloring OFF on input line 6315.
Package hyperref Info: Link coloring with OCG OFF on input line 6320.
Package hyperref Info: PDF/A mode OFF on input line 6325.
LaTeX Info: Redefining \ref on input line 6365.
LaTeX Info: Redefining \pageref on input line 6369.
\Hy@abspage=\count124
\c@Item=\count125
\c@Hfootnote=\count126
)

Package hyperref Message: Driver (autodetected): hpdftex.

(/usr/share/texlive/texmf-dist/tex/latex/hyperref/hpdftex.def
File: hpdftex.def 2012/11/06 v6.83m Hyperref driver for pdfTeX
\Fld@listcount=\count127
\c@bookmark@seq@number=\count128

(/usr/share/texlive/texmf-dist/tex/latex/oberdiek/rerunfilecheck.sty
Package: rerunfilecheck 2011/04/15 v1.7 Rerun checks for auxiliary files (HO)
Package uniquecounter Info: New unique counter `rerunfilecheck' on input line 2
82.
)
\Hy@SectionHShift=\skip62
)
(/usr/share/texlive/texmf-dist/tex/latex/base/fontenc.sty
Package: fontenc 2005/09/27 v1.99g Standard LaTeX package

(/usr/share/texlive/texmf-dist/tex/latex/base/t1enc.def
File: t1enc.def 2005/09/27 v1.99g Standard LaTeX file
LaTeX Font Info:    Redeclaring font encoding T1 on input line 43.
))
(./ptdr-definitions.sty
! Undefined control sequence.
\@gtempa ...e \ifnum \@ne =\@ne \fi \ifcms@italic 
                                                  \relax \TE@setvaltrue \els...
l.148 \ifthenelse{\boolean{cms@italic}}
                                       {\newcommand{\cmsSymbolFace}{\relax}}...

? s
OK, entering \scrollmode...
! Extra \fi.
\@gtempa ...E@setvalfalse \fi \TE@negatefalse \fi 
                                                  
l.148 \ifthenelse{\boolean{cms@italic}}
                                       {\newcommand{\cmsSymbolFace}{\relax}}...
I'm ignoring this; it doesn't match any \if.

! Undefined control sequence.
\@gtempa ...\ifnum \@ne =\@ne \fi \ifcms@external 
                                                  \relax \TE@setvaltrue \els...
l.211 \ifthenelse{\boolean{cms@external}}
                                         {%
The control sequence at the end of the top line
of your error message was never \def'ed. If you have
misspelled it (e.g., `\hobx'), type `I' and the correct
spelling (e.g., `I\hbox'). Otherwise just continue,
and I'll forget about whatever was undefined.

! Extra \fi.
\@gtempa ...E@setvalfalse \fi \TE@negatefalse \fi 
                                                  
l.211 \ifthenelse{\boolean{cms@external}}
                                         {%
I'm ignoring this; it doesn't match any \if.

)
Package hyperref Info: Option `colorlinks' set `true' on input line 40.
 (./PhDThesis.aux)
\openout1 = `PhDThesis.aux'.

LaTeX Font Info:    Checking defaults for OML/cmm/m/it on input line 47.
LaTeX Font Info:    ... okay on input line 47.
LaTeX Font Info:    Checking defaults for T1/cmr/m/n on input line 47.
LaTeX Font Info:    ... okay on input line 47.
LaTeX Font Info:    Checking defaults for OT1/cmr/m/n on input line 47.
LaTeX Font Info:    ... okay on input line 47.
LaTeX Font Info:    Checking defaults for OMS/cmsy/m/n on input line 47.
LaTeX Font Info:    ... okay on input line 47.
LaTeX Font Info:    Checking defaults for OMX/cmex/m/n on input line 47.
LaTeX Font Info:    ... okay on input line 47.
LaTeX Font Info:    Checking defaults for U/cmr/m/n on input line 47.
LaTeX Font Info:    ... okay on input line 47.
LaTeX Font Info:    Checking defaults for PD1/pdf/m/n on input line 47.
LaTeX Font Info:    ... okay on input line 47.

(/usr/share/texlive/texmf-dist/tex/context/base/supp-pdf.mkii
[Loading MPS to PDF converter (version 2006.09.02).]
\scratchcounter=\count129
\scratchdimen=\dimen140
\scratchbox=\box32
\nofMPsegments=\count130
\nofMParguments=\count131
\everyMPshowfont=\toks25
\MPscratchCnt=\count132
\MPscratchDim=\dimen141
\MPnumerator=\count133
\makeMPintoPDFobject=\count134
\everyMPtoPDFconversion=\toks26
)
*geometry* driver: auto-detecting
*geometry* detected driver: pdftex
*geometry* verbose mode - [ preamble ] result:
* driver: pdftex
* paper: a4paper
* layout: <same size as paper>
* layoutoffset:(h,v)=(0.0pt,0.0pt)
* modes: 
* h-part:(L,W,R)=(79.49744pt, 438.513pt, 79.49744pt)
* v-part:(T,H,B)=(79.49744pt, 686.05197pt, 79.49744pt)
* \paperwidth=597.50787pt
* \paperheight=845.04684pt
* \textwidth=438.513pt
* \textheight=686.05197pt
* \oddsidemargin=7.22745pt
* \evensidemargin=7.22745pt
* \topmargin=-29.77255pt
* \headheight=12.0pt
* \headsep=25.0pt
* \topskip=11.0pt
* \footskip=30.0pt
* \marginparwidth=50.0pt
* \marginparsep=10.0pt
* \columnsep=10.0pt
* \skip\footins=10.0pt plus 4.0pt minus 2.0pt
* \hoffset=0.0pt
* \voffset=0.0pt
* \mag=1000
* \@twocolumnfalse
* \@twosidefalse
* \@mparswitchfalse
* \@reversemarginfalse
* (1in=72.27pt=25.4mm, 1cm=28.453pt)

\AtBeginShipoutBox=\box33
Package hyperref Info: Link coloring ON on input line 47.
(/usr/share/texlive/texmf-dist/tex/latex/hyperref/nameref.sty
Package: nameref 2012/10/27 v2.43 Cross-referencing by name of section

(/usr/share/texlive/texmf-dist/tex/generic/oberdiek/gettitlestring.sty
Package: gettitlestring 2010/12/03 v1.4 Cleanup title references (HO)
)
\c@section@level=\count135
)
LaTeX Info: Redefining \ref on input line 47.
LaTeX Info: Redefining \pageref on input line 47.
LaTeX Info: Redefining \nameref on input line 47.

(./PhDThesis.out) (./PhDThesis.out)
\@outlinefile=\write3
\openout3 = `PhDThesis.out'.


<Figures/brunelshield.png, id=361, 213.79875pt x 289.08pt>
File: Figures/brunelshield.png Graphic file (type png)

<use Figures/brunelshield.png>
Package pdftex.def Info: Figures/brunelshield.png used on input line 67.
(pdftex.def)             Requested size: 106.89911pt x 144.53964pt.
LaTeX Font Info:    Try loading font information for U+msa on input line 79.

(/usr/share/texlive/texmf-dist/tex/latex/amsfonts/umsa.fd
File: umsa.fd 2013/01/14 v3.01 AMS symbols A
)
LaTeX Font Info:    Try loading font information for U+msb on input line 79.

(/usr/share/texlive/texmf-dist/tex/latex/amsfonts/umsb.fd
File: umsb.fd 2013/01/14 v3.01 AMS symbols B
)
LaTeX Font Info:    Try loading font information for U+rsfs on input line 79.

(/usr/share/texlive/texmf-dist/tex/latex/jknapltx/ursfs.fd
File: ursfs.fd 1998/03/24 rsfs font definition file (jk)
)

LaTeX Font Warning: Font shape `T1/cmr/m/n' in size <142.26378> not available
(Font)              size <35.83> substituted on input line 96.

[1{/var/lib/texmf/fonts/map/pdftex/updmap/pdftex.map}

 <./Figures/brunelshield.png>]

! LaTeX Error: Environment declaration undefined.

See the LaTeX manual or LaTeX Companion for explanation.
Type  H <return>  for immediate help.
 ...                                              
                                                  
l.108 \begin{declaration}
                         
Your command was ignored.
Type  I <command> <return>  to replace it with another command,
or  <return>  to continue without it.


Underfull \hbox (badness 10000) in paragraph at lines 115--116

 []


! LaTeX Error: \begin{document} ended by \end{declaration}.

See the LaTeX manual or LaTeX Companion for explanation.
Type  H <return>  for immediate help.
 ...                                              
                                                  
l.125 \end{declaration}
                       
Your command was ignored.
Type  I <command> <return>  to replace it with another command,
or  <return>  to continue without it.

pdfTeX warning (ext4): destination with the same identifier (name{page.1}) has 
been already used, duplicate ignored
<to be read again> 
                   \relax 
l.127 \clearpage
                 [1] [2

]pdfTeX warning (ext4): destination with the same identifier (name{page.1}) has
 been already used, duplicate ignored
<to be read again> 
                   \relax 
l.157 \end{abstract}
                     [1

]
! Undefined control sequence.
l.165 \acknowledgements
                       {\addtocontents{toc}{\vspace{1em}} % Add a gap in the...
The control sequence at the end of the top line
of your error message was never \def'ed. If you have
misspelled it (e.g., `\hobx'), type `I' and the correct
spelling (e.g., `I\hbox'). Otherwise just continue,
and I'll forget about whatever was undefined.

pdfTeX warning (ext4): destination with the same identifier (name{page.1}) has 
been already used, duplicate ignored
<to be read again> 
                   \relax 
l.169 \clearpage
                 % Start a new page [1

] (./PhDThesis.toc

Package Fancyhdr Warning: \headheight is too small (12.0pt): 
 Make it at least 13.59999pt.
 We now make it that large for the rest of the document.
 This may cause the page layout to be inconsistent, however.

[1


]

Package Fancyhdr Warning: \headheight is too small (12.0pt): 
 Make it at least 13.59999pt.
 We now make it that large for the rest of the document.
 This may cause the page layout to be inconsistent, however.

[2]

Package Fancyhdr Warning: \headheight is too small (12.0pt): 
 Make it at least 13.59999pt.
 We now make it that large for the rest of the document.
 This may cause the page layout to be inconsistent, however.

[3])
\tf@toc=\write4
\openout4 = `PhDThesis.toc'.



Package Fancyhdr Warning: \headheight is too small (12.0pt): 
 Make it at least 13.59999pt.
 We now make it that large for the rest of the document.
 This may cause the page layout to be inconsistent, however.

[4] (./PhDThesis.lof
Overfull \hbox (7.14215pt too wide) in paragraph at lines 8--8
 \T1/cmr/m/n/10.95 TIB=inner bar-rel, TID=inner disc, TEC=endcaps, PIXEL=pixeld
etector. Each 
 []


Package Fancyhdr Warning: \headheight is too small (12.0pt): 
 Make it at least 13.59999pt.
 We now make it that large for the rest of the document.
 This may cause the page layout to be inconsistent, however.

[5

]

LaTeX Warning: Citation `MishaSignalDefinition' on page vi undefined on input l
ine 26.

)
\tf@lof=\write5
\openout5 = `PhDThesis.lof'.



Package Fancyhdr Warning: \headheight is too small (12.0pt): 
 Make it at least 13.59999pt.
 We now make it that large for the rest of the document.
 This may cause the page layout to be inconsistent, however.

[6] (./PhDThesis.lot)
\tf@lot=\write6
\openout6 = `PhDThesis.lot'.



Package Fancyhdr Warning: \headheight is too small (12.0pt): 
 Make it at least 13.59999pt.
 We now make it that large for the rest of the document.
 This may cause the page layout to be inconsistent, however.

[7

] (./Chapters/Introduction.tex) (./Chapters/Theory.tex

Package Fancyhdr Warning: \headheight is too small (12.0pt): 
 Make it at least 13.59999pt.
 We now make it that large for the rest of the document.
 This may cause the page layout to be inconsistent, however.

pdfTeX warning (ext4): destination with the same identifier (name{page.1}) has 
been already used, duplicate ignored
<to be read again> 
                   \relax 
l.1 \chapter
            {Theoretical Motivation} \label{chap-theory} [1



]
Chapter 1.
<Figures/TopPhotonVertex.png, id=676, 731.73375pt x 172.645pt>
File: Figures/TopPhotonVertex.png Graphic file (type png)

<use Figures/TopPhotonVertex.png>
Package pdftex.def Info: Figures/TopPhotonVertex.png used on input line 12.
(pdftex.def)             Requested size: 438.513pt x 103.46397pt.

! Undefined control sequence.
\lumi ->\ensuremath {\mathcal {L}}\xspace 
                                          
l.18 \lumi
          _{t\bar{t}\gamma} = -eQ_t\bar{t}\gamma^{\mu}tA_{\mu} - e\bar{t}\fr...
The control sequence at the end of the top line
of your error message was never \def'ed. If you have
misspelled it (e.g., `\hobx'), type `I' and the correct
spelling (e.g., `I\hbox'). Otherwise just continue,
and I'll forget about whatever was undefined.

! Undefined control sequence.
<argument> \Lamdba 
                   ^2
l.24 \end{align}
                
The control sequence at the end of the top line
of your error message was never \def'ed. If you have
misspelled it (e.g., `\hobx'), type `I' and the correct
spelling (e.g., `I\hbox'). Otherwise just continue,
and I'll forget about whatever was undefined.

! Undefined control sequence.
<argument> \Lamdba 
                   ^2
l.24 \end{align}
                
The control sequence at the end of the top line
of your error message was never \def'ed. If you have
misspelled it (e.g., `\hobx'), type `I' and the correct
spelling (e.g., `I\hbox'). Otherwise just continue,
and I'll forget about whatever was undefined.

! Undefined control sequence.
<argument> \Lamdba 
                   ^2
l.24 \end{align}
                
The control sequence at the end of the top line
of your error message was never \def'ed. If you have
misspelled it (e.g., `\hobx'), type `I' and the correct
spelling (e.g., `I\hbox'). Otherwise just continue,
and I'll forget about whatever was undefined.

! Undefined control sequence.
<argument> \Lamdba 
                   ^2
l.24 \end{align}
                
The control sequence at the end of the top line
of your error message was never \def'ed. If you have
misspelled it (e.g., `\hobx'), type `I' and the correct
spelling (e.g., `I\hbox'). Otherwise just continue,
and I'll forget about whatever was undefined.

) (./Chapters/TheLHCAndTheCMSDetector.tex

Package Fancyhdr Warning: \headheight is too small (12.0pt): 
 Make it at least 13.59999pt.
 We now make it that large for the rest of the document.
 This may cause the page layout to be inconsistent, however.

pdfTeX warning (ext4): destination with the same identifier (name{page.2}) has 
been already used, duplicate ignored
<to be read again> 
                   \relax 
l.1 \chapter
            {The LHC and the CMS Detector} \label{chap-detector} [2

 <./Figures/TopPhotonVertex.png>]
Chapter 2.
<Figures/CERNAcceleratorComplex.jpg, id=684, 1689.31125pt x 1083.04625pt>
File: Figures/CERNAcceleratorComplex.jpg Graphic file (type jpg)

<use Figures/CERNAcceleratorComplex.jpg>
Package pdftex.def Info: Figures/CERNAcceleratorComplex.jpg used on input line 
10.
(pdftex.def)             Requested size: 438.513pt x 281.13918pt.


Package Fancyhdr Warning: \headheight is too small (12.0pt): 
 Make it at least 13.59999pt.
 We now make it that large for the rest of the document.
 This may cause the page layout to be inconsistent, however.

[3

]

Package Fancyhdr Warning: \headheight is too small (12.0pt): 
 Make it at least 13.59999pt.
 We now make it that large for the rest of the document.
 This may cause the page layout to be inconsistent, however.

[4 <./Figures/CERNAcceleratorComplex.jpg>]

Package Fancyhdr Warning: \headheight is too small (12.0pt): 
 Make it at least 13.59999pt.
 We now make it that large for the rest of the document.
 This may cause the page layout to be inconsistent, however.

[5]

Package Fancyhdr Warning: \headheight is too small (12.0pt): 
 Make it at least 13.59999pt.
 We now make it that large for the rest of the document.
 This may cause the page layout to be inconsistent, however.

[6]

Package Fancyhdr Warning: \headheight is too small (12.0pt): 
 Make it at least 13.59999pt.
 We now make it that large for the rest of the document.
 This may cause the page layout to be inconsistent, however.

[7] <Figures/LHClumi2.png, id=721, 998.73125pt x 641.39626pt>
File: Figures/LHClumi2.png Graphic file (type png)

<use Figures/LHClumi2.png>
Package pdftex.def Info: Figures/LHClumi2.png used on input line 78.
(pdftex.def)             Requested size: 219.2565pt x 140.80421pt.

<Figures/LHClumi.png, id=722, 602.25pt x 378.41376pt>
File: Figures/LHClumi.png Graphic file (type png)

<use Figures/LHClumi.png>
Package pdftex.def Info: Figures/LHClumi.png used on input line 78.
(pdftex.def)             Requested size: 219.2565pt x 137.76476pt.
 <Figures/IntLumi2.png, id=725, 578.16pt x 433.62pt>
File: Figures/IntLumi2.png Graphic file (type png)

<use Figures/IntLumi2.png>
Package pdftex.def Info: Figures/IntLumi2.png used on input line 83.
(pdftex.def)             Requested size: 219.2565pt x 164.43987pt.

<Figures/CMSIntLumi.png, id=726, 578.16pt x 433.62pt>
File: Figures/CMSIntLumi.png Graphic file (type png)

<use Figures/CMSIntLumi.png>
Package pdftex.def Info: Figures/CMSIntLumi.png used on input line 83.
(pdftex.def)             Requested size: 219.2565pt x 164.43987pt.

<Figures/CMSDetector.png, id=727, 3189.9175pt x 2253.41875pt>
File: Figures/CMSDetector.png Graphic file (type png)

<use Figures/CMSDetector.png>
Package pdftex.def Info: Figures/CMSDetector.png used on input line 92.
(pdftex.def)             Requested size: 438.513pt x 309.76868pt.


LaTeX Warning: `!h' float specifier changed to `!ht'.


Package Fancyhdr Warning: \headheight is too small (12.0pt): 
 Make it at least 13.59999pt.
 We now make it that large for the rest of the document.
 This may cause the page layout to be inconsistent, however.

[8 <./Figures/LHClumi2.png> <./Figures/LHClumi.png>]

Package Fancyhdr Warning: \headheight is too small (12.0pt): 
 Make it at least 13.59999pt.
 We now make it that large for the rest of the document.
 This may cause the page layout to be inconsistent, however.

[9 <./Figures/IntLumi2.png (PNG copy)> <./Figures/CMSIntLumi.png> <./Figures/CM
SDetector.png>] <Figures/Tracker.png, id=744, 1471.4975pt x 694.595pt>
File: Figures/Tracker.png Graphic file (type png)

<use Figures/Tracker.png>
Package pdftex.def Info: Figures/Tracker.png used on input line 113.
(pdftex.def)             Requested size: 438.513pt x 206.99168pt.


Package Fancyhdr Warning: \headheight is too small (12.0pt): 
 Make it at least 13.59999pt.
 We now make it that large for the rest of the document.
 This may cause the page layout to be inconsistent, however.

[10]

Package Fancyhdr Warning: \headheight is too small (12.0pt): 
 Make it at least 13.59999pt.
 We now make it that large for the rest of the document.
 This may cause the page layout to be inconsistent, however.

[11 <./Figures/Tracker.png (PNG copy)>]
<Figures/MuonReconstructionEfficiency.png, id=762, 785.93625pt x 392.46625pt>
File: Figures/MuonReconstructionEfficiency.png Graphic file (type png)

<use Figures/MuonReconstructionEfficiency.png>
Package pdftex.def Info: Figures/MuonReconstructionEfficiency.png used on input
 line 126.
(pdftex.def)             Requested size: 438.513pt x 218.98311pt.

<Figures/PVResolution.png, id=765, 829.0975pt x 402.50375pt>
File: Figures/PVResolution.png Graphic file (type png)

<use Figures/PVResolution.png>
Package pdftex.def Info: Figures/PVResolution.png used on input line 132.
(pdftex.def)             Requested size: 438.513pt x 212.88376pt.


Package Fancyhdr Warning: \headheight is too small (12.0pt): 
 Make it at least 13.59999pt.
 We now make it that large for the rest of the document.
 This may cause the page layout to be inconsistent, however.

[12]

Package Fancyhdr Warning: \headheight is too small (12.0pt): 
 Make it at least 13.59999pt.
 We now make it that large for the rest of the document.
 This may cause the page layout to be inconsistent, however.

[13 <./Figures/MuonReconstructionEfficiency.png> <./Figures/PVResolution.png>]

LaTeX Warning: Reference `sec-' on page 14 undefined on input line 147.


Package Fancyhdr Warning: \headheight is too small (12.0pt): 
 Make it at least 13.59999pt.
 We now make it that large for the rest of the document.
 This may cause the page layout to be inconsistent, however.

[14] <Figures/ECAL.png, id=790, 1172.38pt x 803.0pt>
File: Figures/ECAL.png Graphic file (type png)
 <use Figures/ECAL.png>
Package pdftex.def Info: Figures/ECAL.png used on input line 156.
(pdftex.def)             Requested size: 438.513pt x 300.34009pt.


Package Fancyhdr Warning: \headheight is too small (12.0pt): 
 Make it at least 13.59999pt.
 We now make it that large for the rest of the document.
 This may cause the page layout to be inconsistent, however.

[15 <./Figures/ECAL.png (PNG copy)>]
<Figures/ECALRapidity.png, id=801, 1441.385pt x 734.745pt>
File: Figures/ECALRapidity.png Graphic file (type png)

<use Figures/ECALRapidity.png>
Package pdftex.def Info: Figures/ECALRapidity.png used on input line 165.
(pdftex.def)             Requested size: 438.513pt x 223.53072pt.


Package Fancyhdr Warning: \headheight is too small (12.0pt): 
 Make it at least 13.59999pt.
 We now make it that large for the rest of the document.
 This may cause the page layout to be inconsistent, however.

[16 <./Figures/ECALRapidity.png (PNG copy)>]
<Figures/EEFractionalResponse.png, id=808, 506.89375pt x 407.5225pt>
File: Figures/EEFractionalResponse.png Graphic file (type png)

<use Figures/EEFractionalResponse.png>
Package pdftex.def Info: Figures/EEFractionalResponse.png used on input line 18
4.
(pdftex.def)             Requested size: 210.48436pt x 169.21817pt.

<Figures/EEResolutionDeterioration.png, id=809, 550.055pt x 400.49625pt>
File: Figures/EEResolutionDeterioration.png Graphic file (type png)

<use Figures/EEResolutionDeterioration.png>
Package pdftex.def Info: Figures/EEResolutionDeterioration.png used on input li
ne 185.
(pdftex.def)             Requested size: 228.02863pt x 166.02562pt.

Overfull \hbox (2.4216pt too wide) in paragraph at lines 184--186
[][] [] 
 []


Package Fancyhdr Warning: \headheight is too small (12.0pt): 
 Make it at least 13.59999pt.
 We now make it that large for the rest of the document.
 This may cause the page layout to be inconsistent, however.

[17 <./Figures/EEFractionalResponse.png> <./Figures/EEResolutionDeterioration.p
ng>] <Figures/HCAL.png, id=818, 1307.88625pt x 768.8725pt>
File: Figures/HCAL.png Graphic file (type png)

<use Figures/HCAL.png>
Package pdftex.def Info: Figures/HCAL.png used on input line 199.
(pdftex.def)             Requested size: 392.3689pt x 230.66353pt.


Package Fancyhdr Warning: \headheight is too small (12.0pt): 
 Make it at least 13.59999pt.
 We now make it that large for the rest of the document.
 This may cause the page layout to be inconsistent, however.

[18]

Package Fancyhdr Warning: \headheight is too small (12.0pt): 
 Make it at least 13.59999pt.
 We now make it that large for the rest of the document.
 This may cause the page layout to be inconsistent, however.

[19 <./Figures/HCAL.png (PNG copy)>]
<Figures/SuperconductingSolenoid.png, id=841, 700.6175pt x 519.9425pt>
File: Figures/SuperconductingSolenoid.png Graphic file (type png)

<use Figures/SuperconductingSolenoid.png>
Package pdftex.def Info: Figures/SuperconductingSolenoid.png used on input line
 255.
(pdftex.def)             Requested size: 350.30789pt x 259.97061pt.


LaTeX Warning: Reference `figCMSLongitudinalView' on page 20 undefined on input
 line 263.


Package Fancyhdr Warning: \headheight is too small (12.0pt): 
 Make it at least 13.59999pt.
 We now make it that large for the rest of the document.
 This may cause the page layout to be inconsistent, however.

[20]

Package Fancyhdr Warning: \headheight is too small (12.0pt): 
 Make it at least 13.59999pt.
 We now make it that large for the rest of the document.
 This may cause the page layout to be inconsistent, however.

[21 <./Figures/SuperconductingSolenoid.png>]
<Figures/CMSLongitudinalView.png, id=853, 679.53876pt x 448.67625pt>
File: Figures/CMSLongitudinalView.png Graphic file (type png)

<use Figures/CMSLongitudinalView.png>
Package pdftex.def Info: Figures/CMSLongitudinalView.png used on input line 268
.
(pdftex.def)             Requested size: 438.513pt x 289.53432pt.


Package Fancyhdr Warning: \headheight is too small (12.0pt): 
 Make it at least 13.59999pt.
 We now make it that large for the rest of the document.
 This may cause the page layout to be inconsistent, however.

[22 <./Figures/CMSLongitudinalView.png>]

Package Fancyhdr Warning: \headheight is too small (12.0pt): 
 Make it at least 13.59999pt.
 We now make it that large for the rest of the document.
 This may cause the page layout to be inconsistent, however.

[23] <Figures/L1Trigger.png, id=865, 558.085pt x 381.425pt>
File: Figures/L1Trigger.png Graphic file (type png)

<use Figures/L1Trigger.png>
Package pdftex.def Info: Figures/L1Trigger.png used on input line 291.
(pdftex.def)             Requested size: 279.04182pt x 190.71202pt.


Package Fancyhdr Warning: \headheight is too small (12.0pt): 
 Make it at least 13.59999pt.
 We now make it that large for the rest of the document.
 This may cause the page layout to be inconsistent, however.

[24 <./Figures/L1Trigger.png>]) (./Chapters/EventReconstruction&Simulation.tex

Package Fancyhdr Warning: \headheight is too small (12.0pt): 
 Make it at least 13.59999pt.
 We now make it that large for the rest of the document.
 This may cause the page layout to be inconsistent, however.

[25]
Chapter 3.
<Figures/HadronCollisionProcess.png, id=878, 730.73pt x 651.43375pt>
File: Figures/HadronCollisionProcess.png Graphic file (type png)

<use Figures/HadronCollisionProcess.png>
Package pdftex.def Info: Figures/HadronCollisionProcess.png used on input line 
11.
(pdftex.def)             Requested size: 401.90274pt x 358.28966pt.


Package Fancyhdr Warning: \headheight is too small (12.0pt): 
 Make it at least 13.59999pt.
 We now make it that large for the rest of the document.
 This may cause the page layout to be inconsistent, however.

[26

]

Package Fancyhdr Warning: \headheight is too small (12.0pt): 
 Make it at least 13.59999pt.
 We now make it that large for the rest of the document.
 This may cause the page layout to be inconsistent, however.

[27 <./Figures/HadronCollisionProcess.png>]
! Undefined control sequence.
\CMSSW ->{\textsc {cmssw}}\xspace 
                                  
l.29 ... create, handle, and analyse data. $\CMSSW
                                                  $ is fundamental in regard...
The control sequence at the end of the top line
of your error message was never \def'ed. If you have
misspelled it (e.g., `\hobx'), type `I' and the correct
spelling (e.g., `I\hbox'). Otherwise just continue,
and I'll forget about whatever was undefined.

! Undefined control sequence.
\CMSSW ->{\textsc {cmssw}}\xspace 
                                  
l.29 ...g event processing algorithms etc. $\CMSSW
                                                  $ is continuously being up...
The control sequence at the end of the top line
of your error message was never \def'ed. If you have
misspelled it (e.g., `\hobx'), type `I' and the correct
spelling (e.g., `I\hbox'). Otherwise just continue,
and I'll forget about whatever was undefined.

! Undefined control sequence.
\CMSSW ->{\textsc {cmssw}}\xspace 
                                  
l.29 ...ues and processes. The versions of $\CMSSW
                                                  $ used in this analysis ar...
The control sequence at the end of the top line
of your error message was never \def'ed. If you have
misspelled it (e.g., `\hobx'), type `I' and the correct
spelling (e.g., `I\hbox'). Otherwise just continue,
and I'll forget about whatever was undefined.

LaTeX Font Info:    Try loading font information for OMS+cmr on input line 32.
(/usr/share/texlive/texmf-dist/tex/latex/base/omscmr.fd
File: omscmr.fd 1999/05/25 v2.5h Standard LaTeX font definitions
)
LaTeX Font Info:    Font shape `OMS/cmr/m/n' in size <10.95> not available
(Font)              Font shape `OMS/cmsy/m/n' tried instead on input line 32.

! Undefined control sequence.
\CMSSW ->{\textsc {cmssw}}\xspace 
                                  
l.36 ...amework used is modular similar to $\CMSSW
                                                  $. The code is split into ...
The control sequence at the end of the top line
of your error message was never \def'ed. If you have
misspelled it (e.g., `\hobx'), type `I' and the correct
spelling (e.g., `I\hbox'). Otherwise just continue,
and I'll forget about whatever was undefined.


Package Fancyhdr Warning: \headheight is too small (12.0pt): 
 Make it at least 13.59999pt.
 We now make it that large for the rest of the document.
 This may cause the page layout to be inconsistent, however.

[28]
! Undefined control sequence.
\GEANTfour ->{\textsc {Geant4}}\xspace 
                                       
l.47 ...er to perform such a procedure $\GEANTfour
                                                  $ \cite{GEANT4} is used to...
The control sequence at the end of the top line
of your error message was never \def'ed. If you have
misspelled it (e.g., `\hobx'), type `I' and the correct
spelling (e.g., `I\hbox'). Otherwise just continue,
and I'll forget about whatever was undefined.

! Undefined control sequence.
\CMSSW ->{\textsc {cmssw}}\xspace 
                                  
l.47 ... materials. Implemented within the $\CMSSW
                                                  $ framework are two packag...
The control sequence at the end of the top line
of your error message was never \def'ed. If you have
misspelled it (e.g., `\hobx'), type `I' and the correct
spelling (e.g., `I\hbox'). Otherwise just continue,
and I'll forget about whatever was undefined.

<Figures/FullSim.png, id=900, 1010.77625pt x 361.35pt>
File: Figures/FullSim.png Graphic file (type png)

<use Figures/FullSim.png>
Package pdftex.def Info: Figures/FullSim.png used on input line 52.
(pdftex.def)             Requested size: 438.513pt x 156.76694pt.


Package Fancyhdr Warning: \headheight is too small (12.0pt): 
 Make it at least 13.59999pt.
 We now make it that large for the rest of the document.
 This may cause the page layout to be inconsistent, however.

[29 <./Figures/FullSim.png>]
! Undefined control sequence.
\WHIZARD ->{\textsc {WHIZARD}}\xspace 
                                      
l.63 ...ent MC event generators, such as $\WHIZARD
                                                  $ $\MADGRAPH$ $\PYTHIA$ $\...
The control sequence at the end of the top line
of your error message was never \def'ed. If you have
misspelled it (e.g., `\hobx'), type `I' and the correct
spelling (e.g., `I\hbox'). Otherwise just continue,
and I'll forget about whatever was undefined.

! Undefined control sequence.
\MADGRAPH ->\textsc {MadGraph}\xspace 
                                      
l.63 ... generators, such as $\WHIZARD$ $\MADGRAPH
                                                  $ $\PYTHIA$ $\MCATNLO$ $\P...
The control sequence at the end of the top line
of your error message was never \def'ed. If you have
misspelled it (e.g., `\hobx'), type `I' and the correct
spelling (e.g., `I\hbox'). Otherwise just continue,
and I'll forget about whatever was undefined.

! Undefined control sequence.
\PYTHIA ->{\textsc {pythia}}\xspace 
                                    
l.63 ...s, such as $\WHIZARD$ $\MADGRAPH$ $\PYTHIA
                                                  $ $\MCATNLO$ $\POWHEG$. Th...
The control sequence at the end of the top line
of your error message was never \def'ed. If you have
misspelled it (e.g., `\hobx'), type `I' and the correct
spelling (e.g., `I\hbox'). Otherwise just continue,
and I'll forget about whatever was undefined.

! Undefined control sequence.
\MCATNLO ->\textsc {mc@nlo}\xspace 
                                   
l.63 ...$\WHIZARD$ $\MADGRAPH$ $\PYTHIA$ $\MCATNLO
                                                  $ $\POWHEG$. The MC event ...
The control sequence at the end of the top line
of your error message was never \def'ed. If you have
misspelled it (e.g., `\hobx'), type `I' and the correct
spelling (e.g., `I\hbox'). Otherwise just continue,
and I'll forget about whatever was undefined.

! Undefined control sequence.
\POWHEG ->{\textsc {powheg}}\xspace 
                                    
l.63 ... $\MADGRAPH$ $\PYTHIA$ $\MCATNLO$ $\POWHEG
                                                  $. The MC event generators...
The control sequence at the end of the top line
of your error message was never \def'ed. If you have
misspelled it (e.g., `\hobx'), type `I' and the correct
spelling (e.g., `I\hbox'). Otherwise just continue,
and I'll forget about whatever was undefined.

! Undefined control sequence.
\MADGRAPH ->\textsc {MadGraph}\xspace 
                                      
l.63 ..., which is generated using both $\MADGRAPH
                                                  $ and $\PYTHIA$.
The control sequence at the end of the top line
of your error message was never \def'ed. If you have
misspelled it (e.g., `\hobx'), type `I' and the correct
spelling (e.g., `I\hbox'). Otherwise just continue,
and I'll forget about whatever was undefined.

! Undefined control sequence.
\PYTHIA ->{\textsc {pythia}}\xspace 
                                    
l.63 ...erated using both $\MADGRAPH$ and $\PYTHIA
                                                  $.
The control sequence at the end of the top line
of your error message was never \def'ed. If you have
misspelled it (e.g., `\hobx'), type `I' and the correct
spelling (e.g., `I\hbox'). Otherwise just continue,
and I'll forget about whatever was undefined.

! Undefined control sequence.
\WHIZARD ->{\textsc {WHIZARD}}\xspace 
                                      
l.67 	\item[\WHIZARD]
                      \cite{WHIZARD} is a LO event generator designed to cal...
The control sequence at the end of the top line
of your error message was never \def'ed. If you have
misspelled it (e.g., `\hobx'), type `I' and the correct
spelling (e.g., `I\hbox'). Otherwise just continue,
and I'll forget about whatever was undefined.

! Undefined control sequence.
\WHIZARD ->{\textsc {WHIZARD}}\xspace 
                                      
l.67 ...esses, such as loop corrections. $\WHIZARD
                                                  $ uses a multi-channel met...
The control sequence at the end of the top line
of your error message was never \def'ed. If you have
misspelled it (e.g., `\hobx'), type `I' and the correct
spelling (e.g., `I\hbox'). Otherwise just continue,
and I'll forget about whatever was undefined.

! Undefined control sequence.
\PYTHIA ->{\textsc {pythia}}\xspace 
                                    
l.67 ...adronisation of the final states, $\PYTHIA
                                                  $ and $\HERWIG$ interfaces...
The control sequence at the end of the top line
of your error message was never \def'ed. If you have
misspelled it (e.g., `\hobx'), type `I' and the correct
spelling (e.g., `I\hbox'). Otherwise just continue,
and I'll forget about whatever was undefined.

! Undefined control sequence.
\HERWIG ->{\textsc {herwig}}\xspace 
                                    
l.67 ...f the final states, $\PYTHIA$ and $\HERWIG
                                                  $ interfaces are provided,...
The control sequence at the end of the top line
of your error message was never \def'ed. If you have
misspelled it (e.g., `\hobx'), type `I' and the correct
spelling (e.g., `I\hbox'). Otherwise just continue,
and I'll forget about whatever was undefined.


Package Fancyhdr Warning: \headheight is too small (12.0pt): 
 Make it at least 13.59999pt.
 We now make it that large for the rest of the document.
 This may cause the page layout to be inconsistent, however.

[30]
! Undefined control sequence.
<recently read> \xspace 
                        
l.69 	\item[\MADGRAPH]
                       \cite{MADGRAPH5} is a leading order multi-purpose mat...
The control sequence at the end of the top line
of your error message was never \def'ed. If you have
misspelled it (e.g., `\hobx'), type `I' and the correct
spelling (e.g., `I\hbox'). Otherwise just continue,
and I'll forget about whatever was undefined.

! Undefined control sequence.
\WHIZARD ->{\textsc {WHIZARD}}\xspace 
                                      
l.69 ...ent MC generator. Similar to the $\WHIZARD
                                                  $ generator, $\MADGRAPH$ a...
The control sequence at the end of the top line
of your error message was never \def'ed. If you have
misspelled it (e.g., `\hobx'), type `I' and the correct
spelling (e.g., `I\hbox'). Otherwise just continue,
and I'll forget about whatever was undefined.

! Undefined control sequence.
\MADGRAPH ->\textsc {MadGraph}\xspace 
                                      
l.69 ...ar to the $\WHIZARD$ generator, $\MADGRAPH
                                                  $ automatically generates ...
The control sequence at the end of the top line
of your error message was never \def'ed. If you have
misspelled it (e.g., `\hobx'), type `I' and the correct
spelling (e.g., `I\hbox'). Otherwise just continue,
and I'll forget about whatever was undefined.

! Undefined control sequence.
\PYTHIA ->{\textsc {pythia}}\xspace 
                                    
l.71 	\item[\PYTHIA]
                     \cite{1126-6708-2006-05-026} is a widely used tool in t...
The control sequence at the end of the top line
of your error message was never \def'ed. If you have
misspelled it (e.g., `\hobx'), type `I' and the correct
spelling (e.g., `I\hbox'). Otherwise just continue,
and I'll forget about whatever was undefined.

! Undefined control sequence.
<recently read> \xspace 
                        
l.73 	\item[\MCATNLO]
                      \cite{1126-6708-2002-06-029} provides a method for mat...
The control sequence at the end of the top line
of your error message was never \def'ed. If you have
misspelled it (e.g., `\hobx'), type `I' and the correct
spelling (e.g., `I\hbox'). Otherwise just continue,
and I'll forget about whatever was undefined.

! Undefined control sequence.
\MCATNLO ->\textsc {mc@nlo}\xspace 
                                   
l.73 ...le shower from simulation in MC. $\MCATNLO
                                                  $ improves on many aspects...
The control sequence at the end of the top line
of your error message was never \def'ed. If you have
misspelled it (e.g., `\hobx'), type `I' and the correct
spelling (e.g., `I\hbox'). Otherwise just continue,
and I'll forget about whatever was undefined.

! Undefined control sequence.
\PYTHIA ->{\textsc {pythia}}\xspace 
                                    
l.73 ...espect to a LO generator, such as $\PYTHIA
                                                  $. Aspects such as the tot...
The control sequence at the end of the top line
of your error message was never \def'ed. If you have
misspelled it (e.g., `\hobx'), type `I' and the correct
spelling (e.g., `I\hbox'). Otherwise just continue,
and I'll forget about whatever was undefined.

! Undefined control sequence.
\POWHEG ->{\textsc {powheg}}\xspace 
                                    
l.75 	\item[\POWHEG]
                     \cite{1126-6708-2007-11-070} (Positive Weight Hardest E...
The control sequence at the end of the top line
of your error message was never \def'ed. If you have
misspelled it (e.g., `\hobx'), type `I' and the correct
spelling (e.g., `I\hbox'). Otherwise just continue,
and I'll forget about whatever was undefined.

! Undefined control sequence.
\MCATNLO ->\textsc {mc@nlo}\xspace 
                                   
l.75 ...a NLO event generator similar to $\MCATNLO
                                                  $ described above. The dif...
The control sequence at the end of the top line
of your error message was never \def'ed. If you have
misspelled it (e.g., `\hobx'), type `I' and the correct
spelling (e.g., `I\hbox'). Otherwise just continue,
and I'll forget about whatever was undefined.

! Undefined control sequence.
\POWHEG ->{\textsc {powheg}}\xspace 
                                    
l.75 ...o arises in the basic idea behind $\POWHEG
                                                  $, whereby it generates th...
The control sequence at the end of the top line
of your error message was never \def'ed. If you have
misspelled it (e.g., `\hobx'), type `I' and the correct
spelling (e.g., `I\hbox'). Otherwise just continue,
and I'll forget about whatever was undefined.

! Undefined control sequence.
\POWHEG ->{\textsc {powheg}}\xspace 
                                    
l.75 ...gram in particular, the output of $\POWHEG
                                                  $ can be easily interfaced...
The control sequence at the end of the top line
of your error message was never \def'ed. If you have
misspelled it (e.g., `\hobx'), type `I' and the correct
spelling (e.g., `I\hbox'). Otherwise just continue,
and I'll forget about whatever was undefined.

! Undefined control sequence.
\POWHEG ->{\textsc {powheg}}\xspace 
                                    
l.75 ... user process. Another feature of $\POWHEG
                                                  $ is that events can be cr...
The control sequence at the end of the top line
of your error message was never \def'ed. If you have
misspelled it (e.g., `\hobx'), type `I' and the correct
spelling (e.g., `I\hbox'). Otherwise just continue,
and I'll forget about whatever was undefined.


Package Fancyhdr Warning: \headheight is too small (12.0pt): 
 Make it at least 13.59999pt.
 We now make it that large for the rest of the document.
 This may cause the page layout to be inconsistent, however.

[31]

Package hyperref Warning: Token not allowed in a PDF string (PDFDocEncoding):
(hyperref)                removing `math shift' on input line 80.


Package hyperref Warning: Token not allowed in a PDF string (PDFDocEncoding):
(hyperref)                removing `\gamma' on input line 80.


Package hyperref Warning: Token not allowed in a PDF string (PDFDocEncoding):
(hyperref)                removing `math shift' on input line 80.

! Undefined control sequence.
\MADGRAPH ->\textsc {MadGraph}\xspace 
                                      
l.82 ...}$), is was generated using the $\MADGRAPH
                                                  $5 event generator and int...
The control sequence at the end of the top line
of your error message was never \def'ed. If you have
misspelled it (e.g., `\hobx'), type `I' and the correct
spelling (e.g., `I\hbox'). Otherwise just continue,
and I'll forget about whatever was undefined.

! Undefined control sequence.
\TAUOLA ->\textsc {tauola}\xspace 
                                  
l.82 ...generator and interfaced with the $\TAUOLA
                                                  $ generator. $\TAUOLA$ is ...
The control sequence at the end of the top line
of your error message was never \def'ed. If you have
misspelled it (e.g., `\hobx'), type `I' and the correct
spelling (e.g., `I\hbox'). Otherwise just continue,
and I'll forget about whatever was undefined.

! Undefined control sequence.
\TAUOLA ->\textsc {tauola}\xspace 
                                  
l.82 ...ced with the $\TAUOLA$ generator. $\TAUOLA
                                                  $ is a MC event generator ...
The control sequence at the end of the top line
of your error message was never \def'ed. If you have
misspelled it (e.g., `\hobx'), type `I' and the correct
spelling (e.g., `I\hbox'). Otherwise just continue,
and I'll forget about whatever was undefined.

! Undefined control sequence.
\PYTHIA ->{\textsc {pythia}}\xspace 
                                    
l.82 ...s. The samples are then passed to $\PYTHIA
                                                  $6 for parton showering an...
The control sequence at the end of the top line
of your error message was never \def'ed. If you have
misspelled it (e.g., `\hobx'), type `I' and the correct
spelling (e.g., `I\hbox'). Otherwise just continue,
and I'll forget about whatever was undefined.

! Undefined control sequence.
\POWHEG ->{\textsc {powheg}}\xspace 
                                    
l.84 ...whereby they are generated by the $\POWHEG
                                                  $ generator, also describe...
The control sequence at the end of the top line
of your error message was never \def'ed. If you have
misspelled it (e.g., `\hobx'), type `I' and the correct
spelling (e.g., `I\hbox'). Otherwise just continue,
and I'll forget about whatever was undefined.

! Undefined control sequence.
\PYTHIA ->{\textsc {pythia}}\xspace 
                                    
l.84 ...in, the events are then passed to $\PYTHIA
                                                  $6 to model parton showeri...
The control sequence at the end of the top line
of your error message was never \def'ed. If you have
misspelled it (e.g., `\hobx'), type `I' and the correct
spelling (e.g., `I\hbox'). Otherwise just continue,
and I'll forget about whatever was undefined.


Underfull \hbox (badness 10000) in paragraph at lines 122--122
[]\T1/cmr/bx/n/10.95 Number
 []


Underfull \hbox (badness 10000) in paragraph at lines 122--122
[]\T1/cmr/m/n/10.95 /LHE2EDM_WHIZARD_2to5_ttA/htholen-
 []


Overfull \hbox (62.3916pt too wide) in paragraph at lines 122--122
\T1/cmr/m/n/10.95 FULLSIM_STEP2_WHIZARD_2to5_ttA-da43ae45efb6a7c35e17aad82de2e2
cd/USER| 
 []


Underfull \hbox (badness 10000) in paragraph at lines 122--122
[]\T1/cmr/m/n/10.95 /TTGamma_TuneZ2star_8TeV-madgraph-tauola/Summer12_DR53X-
 []


Underfull \hbox (badness 10000) in paragraph at lines 122--122
[]\T1/cmr/m/n/10.95 /TTJets_FullLeptMGDecays_8TeV-madgraph/Summer12_DR53X-
 []


Underfull \hbox (badness 10000) in paragraph at lines 122--122
[]\T1/cmr/m/n/10.95 /TTJets_HadronicMGDecays_8TeV-madgraph/Summer12_DR53X-
 []


Underfull \hbox (badness 10000) in paragraph at lines 122--122
[]\T1/cmr/m/n/10.95 /TTJets_SemiLeptMGDecays_8TeV-madgraph/Summer12_DR53X-
 []


Underfull \hbox (badness 10000) in paragraph at lines 122--122
[]\T1/cmr/m/n/10.95 /TTJets_MassiveBinDECAY_TuneZ2star_8TeV-madgraph-
 []


Underfull \hbox (badness 10000) in paragraph at lines 122--122
[]\T1/cmr/m/n/10.95 /DYJetsToLL_M-10To50_TuneZ2Star_8TeV-
 []


Underfull \hbox (badness 10000) in paragraph at lines 122--122
[]\T1/cmr/m/n/10.95 /DYJetsToLL_M-50_TuneZ2Star_8TeV-madgraph-
 []


Underfull \hbox (badness 10000) in paragraph at lines 122--122
[]\T1/cmr/m/n/10.95 /ZGToLLG_8TeV-madgraph/Summer12_DR53X-
 []


Underfull \hbox (badness 10000) in paragraph at lines 122--122
[]\T1/cmr/m/n/10.95 /T_tW-channel-DR_TuneZ2star_8TeV-powheg-
 []


Underfull \hbox (badness 10000) in paragraph at lines 122--122
[]\T1/cmr/m/n/10.95 /Tbar_tW-channel-DR_TuneZ2star_8TeV-powheg-
 []


Underfull \hbox (badness 10000) in paragraph at lines 122--122
[]\T1/cmr/m/n/10.95 /T_t-channel_TuneZ2star_8TeV-powheg-tauola/Summer12_DR53X-
 []


Underfull \hbox (badness 10000) in paragraph at lines 122--122
[]\T1/cmr/m/n/10.95 /Tbar_t-channel_TuneZ2star_8TeV-powheg-tauola/Summer12_DR53
X-
 []


Underfull \hbox (badness 10000) in paragraph at lines 122--122
[]\T1/cmr/m/n/10.95 /T_s-channel_TuneZ2star_8TeV-powheg-tauola/Summer12_DR53X-
 []


Underfull \hbox (badness 10000) in paragraph at lines 122--122
[]\T1/cmr/m/n/10.95 /Tbar_s-channel_TuneZ2star_8TeV-powheg-tauola/Summer12_DR53
X-
 []


Underfull \hbox (badness 10000) in paragraph at lines 122--122
[]\T1/cmr/m/n/10.95 /WJetsToLNu_TuneZ2Star_8TeV-madgraph-
 []


Underfull \hbox (badness 10000) in paragraph at lines 122--122
[]\T1/cmr/m/n/10.95 /WGToLNuG_TuneZ2star_8TeV-madgraph-tauola/Summer12_DR53X-
 []


Underfull \hbox (badness 10000) in paragraph at lines 122--122
[]\T1/cmr/m/n/10.95 /WW_TuneZ2star_8TeV_pythia6_tauola/Summer12_DR53X-
 []


Underfull \hbox (badness 10000) in paragraph at lines 122--122
[]\T1/cmr/m/n/10.95 /WZ_TuneZ2star_8TeV_pythia6_tauola/Summer12_DR53X-
 []


Underfull \hbox (badness 10000) in paragraph at lines 122--122
[]\T1/cmr/m/n/10.95 /ZZ_TuneZ2star_8TeV_pythia6_tauola/Summer12_DR53X-
 []


Package hyperref Warning: Token not allowed in a PDF string (PDFDocEncoding):
(hyperref)                removing `math shift' on input line 129.


Package hyperref Warning: Token not allowed in a PDF string (PDFDocEncoding):
(hyperref)                removing `\gamma' on input line 129.


Package hyperref Warning: Token not allowed in a PDF string (PDFDocEncoding):
(hyperref)                removing `math shift' on input line 129.

! Undefined control sequence.
\WHIZARD ->{\textsc {WHIZARD}}\xspace 
                                      
l.131 ...umplin:2002vw} is interfaced to $\WHIZARD
                                                  $ via LHAPDF \cite{Whalley...
The control sequence at the end of the top line
of your error message was never \def'ed. If you have
misspelled it (e.g., `\hobx'), type `I' and the correct
spelling (e.g., `I\hbox'). Otherwise just continue,
and I'll forget about whatever was undefined.

! Undefined control sequence.
\GeV ...th {\,\text {Ge\hspace {-.08em}V}}\xspace 
                                                  
l.131 ... by event, the two are set to $172.5 \GeV
                                                  $ (m$_t$) plus the E$_T$ o...
The control sequence at the end of the top line
of your error message was never \def'ed. If you have
misspelled it (e.g., `\hobx'), type `I' and the correct
spelling (e.g., `I\hbox'). Otherwise just continue,
and I'll forget about whatever was undefined.

! Undefined control sequence.
\PYTHIA ->{\textsc {pythia}}\xspace 
                                    
l.131 ...onisation, and is simulated using \PYTHIA
                                                  6 \cite{Sjostrand:2006za},...
The control sequence at the end of the top line
of your error message was never \def'ed. If you have
misspelled it (e.g., `\hobx'), type `I' and the correct
spelling (e.g., `I\hbox'). Otherwise just continue,
and I'll forget about whatever was undefined.

! Undefined control sequence.
<recently read> \xspace 
                        
l.131 ...\PYTHIA6 \cite{Sjostrand:2006za}, \TAUOLA
                                                   and $\PHOTOS$ \cite{Was:2...
The control sequence at the end of the top line
of your error message was never \def'ed. If you have
misspelled it (e.g., `\hobx'), type `I' and the correct
spelling (e.g., `I\hbox'). Otherwise just continue,
and I'll forget about whatever was undefined.

! Undefined control sequence.
\PHOTOS ->\textsc {photos}\xspace 
                                  
l.131 ...e{Sjostrand:2006za}, \TAUOLA and $\PHOTOS
                                                  $ \cite{Was:2006my} as pre...
The control sequence at the end of the top line
of your error message was never \def'ed. If you have
misspelled it (e.g., `\hobx'), type `I' and the correct
spelling (e.g., `I\hbox'). Otherwise just continue,
and I'll forget about whatever was undefined.


Package Fancyhdr Warning: \headheight is too small (12.0pt): 
 Make it at least 13.59999pt.
 We now make it that large for the rest of the document.
 This may cause the page layout to be inconsistent, however.

[32]

Package Fancyhdr Warning: \headheight is too small (12.0pt): 
 Make it at least 13.59999pt.
 We now make it that large for the rest of the document.
 This may cause the page layout to be inconsistent, however.

[33] <Figures/MatrixElementCalculation.png, id=956, 897.3525pt x 526.96875pt>
File: Figures/MatrixElementCalculation.png Graphic file (type png)

<use Figures/MatrixElementCalculation.png>
Package pdftex.def Info: Figures/MatrixElementCalculation.png used on input lin
e 144.
(pdftex.def)             Requested size: 438.513pt x 257.51738pt.

! Undefined control sequence.
\MADGRAPH ->\textsc {MadGraph}\xspace 
                                      
l.155 ...7$ process $\MADGRAPH$ Sample Production}
                                                  
The control sequence at the end of the top line
of your error message was never \def'ed. If you have
misspelled it (e.g., `\hobx'), type `I' and the correct
spelling (e.g., `I\hbox'). Otherwise just continue,
and I'll forget about whatever was undefined.


Package hyperref Warning: Token not allowed in a PDF string (PDFDocEncoding):
(hyperref)                removing `math shift' on input line 155.


Package hyperref Warning: Token not allowed in a PDF string (PDFDocEncoding):
(hyperref)                removing `\gamma' on input line 155.


Package hyperref Warning: Token not allowed in a PDF string (PDFDocEncoding):
(hyperref)                removing `math shift' on input line 155.


Package hyperref Warning: Token not allowed in a PDF string (PDFDocEncoding):
(hyperref)                removing `math shift' on input line 155.


Package hyperref Warning: Token not allowed in a PDF string (PDFDocEncoding):
(hyperref)                removing `\to' on input line 155.


Package hyperref Warning: Token not allowed in a PDF string (PDFDocEncoding):
(hyperref)                removing `math shift' on input line 155.


Package hyperref Warning: Token not allowed in a PDF string (PDFDocEncoding):
(hyperref)                removing `math shift' on input line 155.


Package hyperref Warning: Token not allowed in a PDF string (PDFDocEncoding):
(hyperref)                removing `math shift' on input line 155.

! Undefined control sequence.
\MADGRAPH ->\textsc {MadGraph}\xspace 
                                      
l.155 ...7$ process $\MADGRAPH$ Sample Production}
                                                  
The control sequence at the end of the top line
of your error message was never \def'ed. If you have
misspelled it (e.g., `\hobx'), type `I' and the correct
spelling (e.g., `I\hbox'). Otherwise just continue,
and I'll forget about whatever was undefined.


Package Fancyhdr Warning: \headheight is too small (12.0pt): 
 Make it at least 13.59999pt.
 We now make it that large for the rest of the document.
 This may cause the page layout to be inconsistent, however.

[34]
! Undefined control sequence.
\GeV ...th {\,\text {Ge\hspace {-.08em}V}}\xspace 
                                                  
l.161 	\item $p_T (\gamma) > 13 \GeV
                                    $
The control sequence at the end of the top line
of your error message was never \def'ed. If you have
misspelled it (e.g., `\hobx'), type `I' and the correct
spelling (e.g., `I\hbox'). Otherwise just continue,
and I'll forget about whatever was undefined.

! Undefined control sequence.
\GeV ...th {\,\text {Ge\hspace {-.08em}V}}\xspace 
                                                  
l.164 	\item $p_T (jet) > 15 \GeV
                                 $
The control sequence at the end of the top line
of your error message was never \def'ed. If you have
misspelled it (e.g., `\hobx'), type `I' and the correct
spelling (e.g., `I\hbox'). Otherwise just continue,
and I'll forget about whatever was undefined.

! Undefined control sequence.
\GeV ...th {\,\text {Ge\hspace {-.08em}V}}\xspace 
                                                  
l.165 	\item $p_T (b) > 20 \GeV
                               $
The control sequence at the end of the top line
of your error message was never \def'ed. If you have
misspelled it (e.g., `\hobx'), type `I' and the correct
spelling (e.g., `I\hbox'). Otherwise just continue,
and I'll forget about whatever was undefined.


Package Fancyhdr Warning: \headheight is too small (12.0pt): 
 Make it at least 13.59999pt.
 We now make it that large for the rest of the document.
 This may cause the page layout to be inconsistent, however.

[35 <./Figures/MatrixElementCalculation.png>]

Package Fancyhdr Warning: \headheight is too small (12.0pt): 
 Make it at least 13.59999pt.
 We now make it that large for the rest of the document.
 This may cause the page layout to be inconsistent, however.

[36]

Package Fancyhdr Warning: \headheight is too small (12.0pt): 
 Make it at least 13.59999pt.
 We now make it that large for the rest of the document.
 This may cause the page layout to be inconsistent, however.

[37]) (./Chapters/EventSelectionAndBackgroundEstimation.tex

Package Fancyhdr Warning: \headheight is too small (12.0pt): 
 Make it at least 13.59999pt.
 We now make it that large for the rest of the document.
 This may cause the page layout to be inconsistent, however.

[38]
Chapter 4.

Underfull \hbox (badness 10000) in paragraph at lines 20--22
[]\T1/cmr/m/n/10.95 HLT_Ele17_CaloIdT_CaloIsoVL_TrkIdVL_TrkIsoVL
 []


Underfull \hbox (badness 10000) in paragraph at lines 22--23
[]\T1/cmr/m/n/10.95 HLT_Mu17_Ele8_CaloIdT_CaloIsoVL_TrkIdVL_TrkIsoVL_v*,
 []

! Undefined control sequence.
\GeV ...th {\,\text {Ge\hspace {-.08em}V}}\xspace 
                                                  
l.29 ...the muons has a p$_T$ greater than 8 $\GeV
                                                  $ and the second greater t...
The control sequence at the end of the top line
of your error message was never \def'ed. If you have
misspelled it (e.g., `\hobx'), type `I' and the correct
spelling (e.g., `I\hbox'). Otherwise just continue,
and I'll forget about whatever was undefined.

! Undefined control sequence.
\GeV ...th {\,\text {Ge\hspace {-.08em}V}}\xspace 
                                                  
l.29 ...\GeV$ and the second greater than 17 $\GeV
                                                  $. The version of the trig...
The control sequence at the end of the top line
of your error message was never \def'ed. If you have
misspelled it (e.g., `\hobx'), type `I' and the correct
spelling (e.g., `I\hbox'). Otherwise just continue,
and I'll forget about whatever was undefined.


Package Fancyhdr Warning: \headheight is too small (12.0pt): 
 Make it at least 13.59999pt.
 We now make it that large for the rest of the document.
 This may cause the page layout to be inconsistent, however.

[39

]
! Undefined control sequence.
\GeV ...th {\,\text {Ge\hspace {-.08em}V}}\xspace 
                                                  
l.31 ...e must pass an energy threshold of 8 $\GeV
                                                  $ with a tight requirement...
The control sequence at the end of the top line
of your error message was never \def'ed. If you have
misspelled it (e.g., `\hobx'), type `I' and the correct
spelling (e.g., `I\hbox'). Otherwise just continue,
and I'll forget about whatever was undefined.

! Undefined control sequence.
\GeV ...th {\,\text {Ge\hspace {-.08em}V}}\xspace 
                                                  
l.31 ... must pass an energy threshold of 17 $\GeV
                                                  $ with the same calorimete...
The control sequence at the end of the top line
of your error message was never \def'ed. If you have
misspelled it (e.g., `\hobx'), type `I' and the correct
spelling (e.g., `I\hbox'). Otherwise just continue,
and I'll forget about whatever was undefined.

! Undefined control sequence.
\TeV ...th {\,\text {Te\hspace {-.08em}V}}\xspace 
                                                  
l.33 ...ssed specifically for the $\sqrt{s}=8 \TeV
                                                  $ data-taking period with ...
The control sequence at the end of the top line
of your error message was never \def'ed. If you have
misspelled it (e.g., `\hobx'), type `I' and the correct
spelling (e.g., `I\hbox'). Otherwise just continue,
and I'll forget about whatever was undefined.

! Undefined control sequence.
\fbinv ...ath {\,\text {fb}^\text {$-$1}}}\xspace 
                                                  
l.33 ...\TeV$ data-taking period with 19.6 $\fbinv
                                                  $.
The control sequence at the end of the top line
of your error message was never \def'ed. If you have
misspelled it (e.g., `\hobx'), type `I' and the correct
spelling (e.g., `I\hbox'). Otherwise just continue,
and I'll forget about whatever was undefined.


Package Fancyhdr Warning: \headheight is too small (12.0pt): 
 Make it at least 13.59999pt.
 We now make it that large for the rest of the document.
 This may cause the page layout to be inconsistent, however.

[40] <Figures/RandomCone3.pdf, id=1005, 366.21979pt x 440.91293pt>
File: Figures/RandomCone3.pdf Graphic file (type pdf)

<use Figures/RandomCone3.pdf>
Package pdftex.def Info: Figures/RandomCone3.pdf used on input line 55.
(pdftex.def)             Requested size: 175.40251pt x 211.17159pt.


Package Fancyhdr Warning: \headheight is too small (12.0pt): 
 Make it at least 13.59999pt.
 We now make it that large for the rest of the document.
 This may cause the page layout to be inconsistent, however.

[41] <Figures/RandomCone1.png, id=1010, 412.54124pt x 440.64626pt>
File: Figures/RandomCone1.png Graphic file (type png)

<use Figures/RandomCone1.png>
Package pdftex.def Info: Figures/RandomCone1.png used on input line 68.
(pdftex.def)             Requested size: 197.3295pt x 210.7749pt.

<Figures/RandomCone2.png, id=1011, 547.04375pt x 452.69125pt>
File: Figures/RandomCone2.png Graphic file (type png)

<use Figures/RandomCone2.png>
Package pdftex.def Info: Figures/RandomCone2.png used on input line 68.
(pdftex.def)             Requested size: 241.18349pt x 199.58539pt.
) (./Chapters/CrossSectionMeasurement.tex

Package Fancyhdr Warning: \headheight is too small (12.0pt): 
 Make it at least 13.59999pt.
 We now make it that large for the rest of the document.
 This may cause the page layout to be inconsistent, however.

[42 <./Figures/RandomCone3.pdf>]

Package Fancyhdr Warning: \headheight is too small (12.0pt): 
 Make it at least 13.59999pt.
 We now make it that large for the rest of the document.
 This may cause the page layout to be inconsistent, however.

[43]

Package Fancyhdr Warning: \headheight is too small (12.0pt): 
 Make it at least 13.59999pt.
 We now make it that large for the rest of the document.
 This may cause the page layout to be inconsistent, however.

[44 <./Figures/RandomCone1.png> <./Figures/RandomCone2.png>]
Chapter 5.

Package hyperref Warning: Token not allowed in a PDF string (PDFDocEncoding):
(hyperref)                removing `math shift' on input line 1.


Package hyperref Warning: Token not allowed in a PDF string (PDFDocEncoding):
(hyperref)                removing `\gamma' on input line 1.


Package hyperref Warning: Token not allowed in a PDF string (PDFDocEncoding):
(hyperref)                removing `math shift' on input line 1.

<Figures/SignalPhotonPlot.png, id=1075, 756.8275pt x 680.5425pt>
File: Figures/SignalPhotonPlot.png Graphic file (type png)

<use Figures/SignalPhotonPlot.png>
Package pdftex.def Info: Figures/SignalPhotonPlot.png used on input line 9.
(pdftex.def)             Requested size: 249.75385pt x 224.57971pt.


LaTeX Warning: Citation `MishaSignalDefinition' on page 45 undefined on input l
ine 10.

<Figures/BackgroundDiagrams.png, id=1076, 793.96625pt x 647.41875pt>
File: Figures/BackgroundDiagrams.png Graphic file (type png)

<use Figures/BackgroundDiagrams.png>
Package pdftex.def Info: Figures/BackgroundDiagrams.png used on input line 18.
(pdftex.def)             Requested size: 438.513pt x 357.58298pt.

<Figures/AnalysisFlowChart.png, id=1079, 475.7775pt x 677.53125pt>
File: Figures/AnalysisFlowChart.png Graphic file (type png)

<use Figures/AnalysisFlowChart.png>
Package pdftex.def Info: Figures/AnalysisFlowChart.png used on input line 25.
(pdftex.def)             Requested size: 328.88475pt x 468.36548pt.

<Figures/BackgroundISR.png, id=1080, 760.8425pt x 181.67876pt>
File: Figures/BackgroundISR.png Graphic file (type png)

<use Figures/BackgroundISR.png>
Package pdftex.def Info: Figures/BackgroundISR.png used on input line 35.
(pdftex.def)             Requested size: 438.513pt x 104.71396pt.

<Figures/BackgroundFSR.png, id=1083, 742.775pt x 438.63875pt>
File: Figures/BackgroundFSR.png Graphic file (type png)

<use Figures/BackgroundFSR.png>
Package pdftex.def Info: Figures/BackgroundFSR.png used on input line 43.
(pdftex.def)             Requested size: 438.513pt x 258.96193pt.


Package hyperref Warning: Token not allowed in a PDF string (PDFDocEncoding):
(hyperref)                removing `math shift' on input line 48.


Package hyperref Warning: Token not allowed in a PDF string (PDFDocEncoding):
(hyperref)                removing `\gamma' on input line 48.


Package hyperref Warning: Token not allowed in a PDF string (PDFDocEncoding):
(hyperref)                removing `math shift' on input line 48.


Package Fancyhdr Warning: \headheight is too small (12.0pt): 
 Make it at least 13.59999pt.
 We now make it that large for the rest of the document.
 This may cause the page layout to be inconsistent, however.

[45

]
! Undefined control sequence.
\GeV ...th {\,\text {Ge\hspace {-.08em}V}}\xspace 
                                                  
l.66 ...ons) with transverse momenta above $5 \GeV
                                                  $.
The control sequence at the end of the top line
of your error message was never \def'ed. If you have
misspelled it (e.g., `\hobx'), type `I' and the correct
spelling (e.g., `I\hbox'). Otherwise just continue,
and I'll forget about whatever was undefined.


Package Fancyhdr Warning: \headheight is too small (12.0pt): 
 Make it at least 13.59999pt.
 We now make it that large for the rest of the document.
 This may cause the page layout to be inconsistent, however.

[46 <./Figures/SignalPhotonPlot.png>]

Package Fancyhdr Warning: \headheight is too small (12.0pt): 
 Make it at least 13.59999pt.
 We now make it that large for the rest of the document.
 This may cause the page layout to be inconsistent, however.

[47 <./Figures/BackgroundDiagrams.png>]

Package Fancyhdr Warning: \headheight is too small (12.0pt): 
 Make it at least 13.59999pt.
 We now make it that large for the rest of the document.
 This may cause the page layout to be inconsistent, however.

[48 <./Figures/AnalysisFlowChart.png>]

Package Fancyhdr Warning: \headheight is too small (12.0pt): 
 Make it at least 13.59999pt.
 We now make it that large for the rest of the document.
 This may cause the page layout to be inconsistent, however.

[49 <./Figures/BackgroundISR.png> <./Figures/BackgroundFSR.png>]
<Figures/photonphasespace.png, id=1108, 724.7075pt x 500.87125pt>
File: Figures/photonphasespace.png Graphic file (type png)

<use Figures/photonphasespace.png>
Package pdftex.def Info: Figures/photonphasespace.png used on input line 75.
(pdftex.def)             Requested size: 362.35286pt x 250.435pt.


Package Fancyhdr Warning: \headheight is too small (12.0pt): 
 Make it at least 13.59999pt.
 We now make it that large for the rest of the document.
 This may cause the page layout to be inconsistent, however.

[50 <./Figures/photonphasespace.png>]

Package Fancyhdr Warning: \headheight is too small (12.0pt): 
 Make it at least 13.59999pt.
 We now make it that large for the rest of the document.
 This may cause the page layout to be inconsistent, however.

[51]
Missing character: There is no  in font cmr10!
Missing character: There is no  in font cmr10!
) (./Chapters/SystematicUncertainties.tex

Package Fancyhdr Warning: \headheight is too small (12.0pt): 
 Make it at least 13.59999pt.
 We now make it that large for the rest of the document.
 This may cause the page layout to be inconsistent, however.

[52]
Chapter 6.

Package Fancyhdr Warning: \headheight is too small (12.0pt): 
 Make it at least 13.59999pt.
 We now make it that large for the rest of the document.
 This may cause the page layout to be inconsistent, however.

[53

]
! Misplaced alignment tab character &.
l.29 Calculated by T&
                     P
I can't figure out why you would want to use a tab mark
here. If you just want an ampersand, the remedy is
simple: Just type `I\&' now. But if some right brace
up above has ended a previous alignment prematurely,
you're probably due for more error messages, and you
might try typing `S' now just to see what is salvageable.


Package Fancyhdr Warning: \headheight is too small (12.0pt): 
 Make it at least 13.59999pt.
 We now make it that large for the rest of the document.
 This may cause the page layout to be inconsistent, however.

[54]

LaTeX Warning: Reference `sec-' on page 55 undefined on input line 60.


Package Fancyhdr Warning: \headheight is too small (12.0pt): 
 Make it at least 13.59999pt.
 We now make it that large for the rest of the document.
 This may cause the page layout to be inconsistent, however.

[55]

Package Fancyhdr Warning: \headheight is too small (12.0pt): 
 Make it at least 13.59999pt.
 We now make it that large for the rest of the document.
 This may cause the page layout to be inconsistent, however.

[56]

LaTeX Warning: `!h' float specifier changed to `!ht'.


Underfull \hbox (badness 10000) in paragraph at lines 139--139
[]\T1/cmr/m/n/10.95 /TTJets_matchingup_TuneZ2star_8TeV-madgraph-
 []


Underfull \hbox (badness 10000) in paragraph at lines 140--140
[]\T1/cmr/m/n/10.95 /TTJets_matchingdown_TuneZ2star_8TeV-madgraph-
 []


Underfull \hbox (badness 10000) in paragraph at lines 141--141
[]\T1/cmr/m/n/10.95 /TTJets_scaleup_TuneZ2star_8TeV-madgraph-
 []


Underfull \hbox (badness 10000) in paragraph at lines 142--142
[]\T1/cmr/m/n/10.95 /TTJets_scaledown_TuneZ2star_8TeV-madgraph-
 []


Underfull \hbox (badness 10000) in paragraph at lines 145--145
[]\T1/cmr/m/n/10.95 /DYJetsToLL_M-50_matchingup_8TeV-madgraph-
 []


Underfull \hbox (badness 10000) in paragraph at lines 146--146
[]\T1/cmr/m/n/10.95 /DYJetsToLL_M-50_matchingdown_8TeV-
 []


Underfull \hbox (badness 10000) in paragraph at lines 146--146
\T1/cmr/m/n/10.95 madgraph/Summer12_DR53X-PU_S10_START53_V7A-
 []


Underfull \hbox (badness 10000) in paragraph at lines 147--147
[]\T1/cmr/m/n/10.95 /DYJetsToLL_M-50_scaleup_8TeV-madgraph-
 []


Underfull \hbox (badness 10000) in paragraph at lines 148--148
[]\T1/cmr/m/n/10.95 /DYJetsToLL_M-50_scaledown_8TeV-madgraph-
 []


Underfull \hbox (badness 10000) in paragraph at lines 150--150
[]\T1/cmr/m/n/10.95 /TToDilepton_tW-channel-DR_scaleup_8TeV-powheg-
 []


Underfull \hbox (badness 10000) in paragraph at lines 151--151
[]\T1/cmr/m/n/10.95 /TToDilepton_tW-channel-DR_scaledown_8TeV-powheg-
 []


Underfull \hbox (badness 10000) in paragraph at lines 152--152
[]\T1/cmr/m/n/10.95 /TBarToDilepton_tW-channel-DR_scaleup_8TeV-powheg-
 []


Underfull \hbox (badness 10000) in paragraph at lines 153--153
[]\T1/cmr/m/n/10.95 /TBarToDilepton_tW-channel-DR_scaledown_8TeV-powheg-
 []


Underfull \hbox (badness 10000) in paragraph at lines 155--155
[]\T1/cmr/m/n/10.95 /WJetsToLNu_matchingup_8TeV-madgraph-
 []


Underfull \hbox (badness 10000) in paragraph at lines 156--156
[]\T1/cmr/m/n/10.95 /WJetsToLNu_matchingdown_8TeV-madgraph-
 []


Underfull \hbox (badness 10000) in paragraph at lines 157--157
[]\T1/cmr/m/n/10.95 /WJetsToLNu_scaleup_8TeV-madgraph-
 []


Underfull \hbox (badness 10000) in paragraph at lines 158--158
[]\T1/cmr/m/n/10.95 /WJetsToLNu_scaledown_8TeV-madgraph-
 []

) (./Chapters/Results.tex

Package Fancyhdr Warning: \headheight is too small (12.0pt): 
 Make it at least 13.59999pt.
 We now make it that large for the rest of the document.
 This may cause the page layout to be inconsistent, however.

[57]

Package Fancyhdr Warning: \headheight is too small (12.0pt): 
 Make it at least 13.59999pt.
 We now make it that large for the rest of the document.
 This may cause the page layout to be inconsistent, however.

[58]

Package Fancyhdr Warning: \headheight is too small (12.0pt): 
 Make it at least 13.59999pt.
 We now make it that large for the rest of the document.
 This may cause the page layout to be inconsistent, however.

[59]
Chapter 7.
! Missing $ inserted.
<inserted text> 
                $
l.11 	Number of signal events, N_
                                 {signal} & & & \\
I've inserted a begin-math/end-math symbol since I think
you left one out. Proceed, with fingers crossed.

! Extra }, or forgotten $.
<template> \unskip \hfil }
                          \hskip \tabcolsep \hskip -.5\arrayrulewidth \vrule...
l.11 	Number of signal events, N_{signal} &
                                            & & \\
I've deleted a group-closing symbol because it seems to be
spurious, as in `$x}$'. But perhaps the } is legitimate and
you forgot something else, as in `\hbox{$x}'. In such cases
the way to recover is to insert both the forgotten and the
deleted material, e.g., by typing `I$}'.

! Missing $ inserted.
<inserted text> 
                $
l.11 	Number of signal events, N_{signal} &
                                            & & \\
I've inserted a begin-math/end-math symbol since I think
you left one out. Proceed, with fingers crossed.

! Missing } inserted.
<inserted text> 
                }
l.11 	Number of signal events, N_{signal} &
                                            & & \\
I've inserted something that you may have forgotten.
(See the <inserted text> above.)
With luck, this will get me unwedged. But if you
really didn't forget anything, try typing `2' now; then
my insertion and my current dilemma will both disappear.


Package Fancyhdr Warning: \headheight is too small (12.0pt): 
 Make it at least 13.59999pt.
 We now make it that large for the rest of the document.
 This may cause the page layout to be inconsistent, however.

[60

]) (./Chapters/AnomolousCouplings.tex

Package Fancyhdr Warning: \headheight is too small (12.0pt): 
 Make it at least 13.59999pt.
 We now make it that large for the rest of the document.
 This may cause the page layout to be inconsistent, however.

[61]
Chapter 8.
) (./Chapters/ElectronConversionVeto.tex

Package Fancyhdr Warning: \headheight is too small (12.0pt): 
 Make it at least 13.59999pt.
 We now make it that large for the rest of the document.
 This may cause the page layout to be inconsistent, however.

[62

]
Chapter 9.
) (./Chapters/Conclusions.tex

Package Fancyhdr Warning: \headheight is too small (12.0pt): 
 Make it at least 13.59999pt.
 We now make it that large for the rest of the document.
 This may cause the page layout to be inconsistent, however.

[63

])

Package Fancyhdr Warning: \headheight is too small (12.0pt): 
 Make it at least 13.59999pt.
 We now make it that large for the rest of the document.
 This may cause the page layout to be inconsistent, however.

[64

]

Package Fancyhdr Warning: \headheight is too small (12.0pt): 
 Make it at least 13.59999pt.
 We now make it that large for the rest of the document.
 This may cause the page layout to be inconsistent, however.

[65

]
Overfull \hbox (69.22284pt too wide) in paragraph at lines 231--241
 [] 
 []

(./PhDThesis.bbl

Package Fancyhdr Warning: \headheight is too small (12.0pt): 
 Make it at least 13.59999pt.
 We now make it that large for the rest of the document.
 This may cause the page layout to be inconsistent, however.

[66]

Package Fancyhdr Warning: \headheight is too small (12.0pt): 
 Make it at least 13.59999pt.
 We now make it that large for the rest of the document.
 This may cause the page layout to be inconsistent, however.

[67

]
Underfull \hbox (badness 10000) in paragraph at lines 69--73
[]\T1/cmr/m/n/10.95 CMS Col-lab-o-ra-tion.  Elec-tron ef-fi-cien-cies for top q
uark anal-y-sis.
 []


Underfull \hbox (badness 10000) in paragraph at lines 75--78
[]\T1/cmr/m/n/10.95 CMS Col-lab-o-ra-tion.  Ref-er-ence muon id and iso-la-tion
 ef-fi-cien-cies.
 []


Package Fancyhdr Warning: \headheight is too small (12.0pt): 
 Make it at least 13.59999pt.
 We now make it that large for the rest of the document.
 This may cause the page layout to be inconsistent, however.

[68]

Package Fancyhdr Warning: \headheight is too small (12.0pt): 
 Make it at least 13.59999pt.
 We now make it that large for the rest of the document.
 This may cause the page layout to be inconsistent, however.

[69]

Package Fancyhdr Warning: \headheight is too small (12.0pt): 
 Make it at least 13.59999pt.
 We now make it that large for the rest of the document.
 This may cause the page layout to be inconsistent, however.

[70])
Package atveryend Info: Empty hook `BeforeClearDocument' on input line 264.


Package Fancyhdr Warning: \headheight is too small (12.0pt): 
 Make it at least 13.59999pt.
 We now make it that large for the rest of the document.
 This may cause the page layout to be inconsistent, however.

[71]
Package atveryend Info: Empty hook `AfterLastShipout' on input line 264.
 (./PhDThesis.aux)
Package atveryend Info: Executing hook `AtVeryEndDocument' on input line 264.
Package atveryend Info: Executing hook `AtEndAfterFileList' on input line 264.
Package rerunfilecheck Info: File `PhDThesis.out' has not changed.
(rerunfilecheck)             Checksum: C89E8B8CC8D945AB6A7F09E9CA8F7F12;6521.


LaTeX Font Warning: Size substitutions with differences
(Font)              up to 106.43378pt have occurred.


LaTeX Warning: There were undefined references.

Package atveryend Info: Empty hook `AtVeryVeryEnd' on input line 264.
 ) 
Here is how much of TeX's memory you used:
 8997 strings out of 493304
 130310 string characters out of 6139871
 238154 words of memory out of 5000000
 11912 multiletter control sequences out of 15000+600000
 39452 words of font info for 108 fonts, out of 8000000 for 9000
 957 hyphenation exceptions out of 8191
 42i,15n,43p,2080b,448s stack positions out of 5000i,500n,10000p,200000b,80000s
{/usr/share/texmf/fonts/enc/dvips/cm-super/cm-super-t1.enc}</usr/share/texliv
e/texmf-dist/fonts/type1/public/amsfonts/cm/cmex10.pfb></usr/share/texlive/texm
f-dist/fonts/type1/public/amsfonts/cm/cmmi10.pfb></usr/share/texlive/texmf-dist
/fonts/type1/public/amsfonts/cm/cmmi12.pfb></usr/share/texlive/texmf-dist/fonts
/type1/public/amsfonts/cm/cmmi6.pfb></usr/share/texlive/texmf-dist/fonts/type1/
public/amsfonts/cm/cmmi8.pfb></usr/share/texlive/texmf-dist/fonts/type1/public/
amsfonts/cm/cmr10.pfb></usr/share/texlive/texmf-dist/fonts/type1/public/amsfont
s/cm/cmr12.pfb></usr/share/texlive/texmf-dist/fonts/type1/public/amsfonts/cm/cm
r17.pfb></usr/share/texlive/texmf-dist/fonts/type1/public/amsfonts/cm/cmr6.pfb>
</usr/share/texlive/texmf-dist/fonts/type1/public/amsfonts/cm/cmr8.pfb></usr/sh
are/texlive/texmf-dist/fonts/type1/public/amsfonts/cm/cmsy10.pfb></usr/share/te
xlive/texmf-dist/fonts/type1/public/amsfonts/cm/cmsy6.pfb></usr/share/texlive/t
exmf-dist/fonts/type1/public/amsfonts/cm/cmsy8.pfb></usr/share/texmf/fonts/type
1/public/cm-super/sfbx1095.pfb></usr/share/texmf/fonts/type1/public/cm-super/sf
bx1200.pfb></usr/share/texmf/fonts/type1/public/cm-super/sfbx1440.pfb></usr/sha
re/texmf/fonts/type1/public/cm-super/sfbx2074.pfb></usr/share/texmf/fonts/type1
/public/cm-super/sfbx2488.pfb></usr/share/texmf/fonts/type1/public/cm-super/sfc
c1095.pfb></usr/share/texmf/fonts/type1/public/cm-super/sfcc1440.pfb></usr/shar
e/texmf/fonts/type1/public/cm-super/sfcc1728.pfb></usr/share/texmf/fonts/type1/
public/cm-super/sfrm0800.pfb></usr/share/texmf/fonts/type1/public/cm-super/sfrm
1095.pfb></usr/share/texmf/fonts/type1/public/cm-super/sfrm1200.pfb></usr/share
/texmf/fonts/type1/public/cm-super/sfrm3583.pfb></usr/share/texmf/fonts/type1/p
ublic/cm-super/sfsl1095.pfb></usr/share/texmf/fonts/type1/public/cm-super/sfti1
095.pfb></usr/share/texmf/fonts/type1/public/cm-super/sfti1200.pfb></usr/share/
texmf/fonts/type1/public/cm-super/sfxc1095.pfb></usr/share/texmf/fonts/type1/pu
blic/cm-super/sfxc1200.pfb>
Output written on PhDThesis.pdf (83 pages, 7325586 bytes).
PDF statistics:
 1411 PDF objects out of 1440 (max. 8388607)
 1217 compressed objects within 13 object streams
 286 named destinations out of 1000 (max. 500000)
 868 words of extra memory for PDF output out of 10000 (max. 10000000)

